{"C:\\Users\\alexa\\Desktop\\codeAndcollection\\codeAndTestCollection\\firstOccurIdxLC28\\firstOccurIdxLC28.js": {"path":"C:\\Users\\alexa\\Desktop\\codeAndcollection\\codeAndTestCollection\\firstOccurIdxLC28\\firstOccurIdxLC28.js","statementMap":{"0":{"start":{"line":3,"column":26},"end":{"line":3,"column":28}},"1":{"start":{"line":4,"column":13},"end":{"line":4,"column":14}},"2":{"start":{"line":6,"column":4},"end":{"line":8,"column":5}},"3":{"start":{"line":7,"column":8},"end":{"line":7,"column":31}},"4":{"start":{"line":10,"column":4},"end":{"line":32,"column":5}},"5":{"start":{"line":11,"column":8},"end":{"line":20,"column":9}},"6":{"start":{"line":11,"column":21},"end":{"line":11,"column":23}},"7":{"start":{"line":12,"column":12},"end":{"line":19,"column":13}},"8":{"start":{"line":13,"column":16},"end":{"line":13,"column":36}},"9":{"start":{"line":14,"column":16},"end":{"line":14,"column":27}},"10":{"start":{"line":15,"column":16},"end":{"line":15,"column":22}},"11":{"start":{"line":17,"column":16},"end":{"line":17,"column":27}},"12":{"start":{"line":21,"column":8},"end":{"line":28,"column":9}},"13":{"start":{"line":22,"column":12},"end":{"line":27,"column":13}},"14":{"start":{"line":22,"column":26},"end":{"line":22,"column":27}},"15":{"start":{"line":23,"column":16},"end":{"line":26,"column":17}},"16":{"start":{"line":24,"column":20},"end":{"line":24,"column":41}},"17":{"start":{"line":25,"column":20},"end":{"line":25,"column":26}},"18":{"start":{"line":29,"column":8},"end":{"line":31,"column":9}},"19":{"start":{"line":30,"column":12},"end":{"line":30,"column":35}},"20":{"start":{"line":33,"column":4},"end":{"line":33,"column":27}}},"fnMap":{"0":{"name":"firstIdx","decl":{"start":{"line":1,"column":16},"end":{"line":1,"column":24}},"loc":{"start":{"line":1,"column":43},"end":{"line":34,"column":1}},"line":1}},"branchMap":{"0":{"loc":{"start":{"line":6,"column":4},"end":{"line":8,"column":5}},"type":"if","locations":[{"start":{"line":6,"column":4},"end":{"line":8,"column":5}},{"start":{},"end":{}}],"line":6},"1":{"loc":{"start":{"line":12,"column":12},"end":{"line":19,"column":13}},"type":"if","locations":[{"start":{"line":12,"column":12},"end":{"line":19,"column":13}},{"start":{"line":16,"column":19},"end":{"line":19,"column":13}}],"line":12},"2":{"loc":{"start":{"line":21,"column":8},"end":{"line":28,"column":9}},"type":"if","locations":[{"start":{"line":21,"column":8},"end":{"line":28,"column":9}},{"start":{},"end":{}}],"line":21},"3":{"loc":{"start":{"line":23,"column":16},"end":{"line":26,"column":17}},"type":"if","locations":[{"start":{"line":23,"column":16},"end":{"line":26,"column":17}},{"start":{},"end":{}}],"line":23},"4":{"loc":{"start":{"line":29,"column":8},"end":{"line":31,"column":9}},"type":"if","locations":[{"start":{"line":29,"column":8},"end":{"line":31,"column":9}},{"start":{},"end":{}}],"line":29}},"s":{"0":8,"1":8,"2":8,"3":1,"4":7,"5":12,"6":12,"7":23,"8":11,"9":11,"10":11,"11":12,"12":12,"13":11,"14":11,"15":27,"16":7,"17":7,"18":12,"19":4,"20":3},"f":{"0":8},"b":{"0":[1,7],"1":[11,12],"2":[11,1],"3":[7,20],"4":[4,8]},"_coverageSchema":"1a1c01bbd47fc00a2c39e90264f33305004495a9","hash":"10877375ce6c461a295cc0e808ac310dff09056a"}
}
