<?xml version="1.0" encoding="UTF-8"?>
<coverage generated="1690632770870" clover="3.2.0">
  <project timestamp="1690632770870" name="All files">
    <metrics statements="6" coveredstatements="6" conditionals="2" coveredconditionals="2" methods="1" coveredmethods="1" elements="9" coveredelements="9" complexity="0" loc="6" ncloc="6" packages="1" files="1" classes="1"/>
    <file name="findAllNumbersDisappearLC448.js" path="C:\Users\alexa\Desktop\codeAndcollection\codeAndTestCollection\findAllNumbersDisappearLC448\findAllNumbersDisappearLC448.js">
      <metrics statements="6" coveredstatements="6" conditionals="2" coveredconditionals="2" methods="1" coveredmethods="1"/>
      <line num="3" count="6" type="stmt"/>
      <line num="4" count="6" type="stmt"/>
      <line num="6" count="6" type="stmt"/>
      <line num="7" count="31" type="cond" truecount="2" falsecount="0"/>
      <line num="8" count="12" type="stmt"/>
      <line num="11" count="6" type="stmt"/>
    </file>
  </project>
</coverage>
