<?xml version="1.0" encoding="UTF-8"?>
<coverage generated="1688588488912" clover="3.2.0">
  <project timestamp="1688588488912" name="All files">
    <metrics statements="20" coveredstatements="20" conditionals="12" coveredconditionals="12" methods="3" coveredmethods="3" elements="35" coveredelements="35" complexity="0" loc="20" ncloc="20" packages="1" files="1" classes="1"/>
    <file name="removeLinkedListElements.js" path="C:\Users\alexa\Desktop\codeAndcollection\codeAndTestCollection\removeLinkedlListElementsLC203\removeLinkedListElements.js">
      <metrics statements="20" coveredstatements="20" conditionals="12" coveredconditionals="12" methods="3" coveredmethods="3"/>
      <line num="4" count="17" type="stmt"/>
      <line num="5" count="17" type="stmt"/>
      <line num="9" count="12" type="stmt"/>
      <line num="15" count="6" type="cond" truecount="2" falsecount="0"/>
      <line num="16" count="1" type="stmt"/>
      <line num="19" count="5" type="cond" truecount="4" falsecount="0"/>
      <line num="20" count="1" type="stmt"/>
      <line num="23" count="4" type="stmt"/>
      <line num="25" count="4" type="cond" truecount="2" falsecount="0"/>
      <line num="26" count="10" type="stmt"/>
      <line num="29" count="4" type="cond" truecount="2" falsecount="0"/>
      <line num="30" count="1" type="stmt"/>
      <line num="33" count="3" type="stmt"/>
      <line num="34" count="3" type="stmt"/>
      <line num="36" count="3" type="stmt"/>
      <line num="37" count="4" type="cond" truecount="2" falsecount="0"/>
      <line num="38" count="2" type="stmt"/>
      <line num="40" count="4" type="stmt"/>
      <line num="41" count="4" type="stmt"/>
      <line num="43" count="3" type="stmt"/>
    </file>
  </project>
</coverage>
