TN:
SF:removeLinkedListElements.js
FN:3,(anonymous_0)
FN:8,(anonymous_1)
FN:13,removeLinkedListElements
FNF:3
FNH:3
FNDA:17,(anonymous_0)
FNDA:12,(anonymous_1)
FNDA:6,removeLinkedListElements
DA:4,17
DA:5,17
DA:9,12
DA:15,6
DA:16,1
DA:19,5
DA:20,1
DA:23,4
DA:25,4
DA:26,10
DA:29,4
DA:30,1
DA:33,3
DA:34,3
DA:36,3
DA:37,4
DA:38,2
DA:40,4
DA:41,4
DA:43,3
LF:20
LH:20
BRDA:15,0,0,1
BRDA:15,0,1,5
BRDA:19,1,0,1
BRDA:19,1,1,4
BRDA:19,2,0,5
BRDA:19,2,1,4
BRDA:25,3,0,14
BRDA:25,3,1,13
BRDA:29,4,0,1
BRDA:29,4,1,3
BRDA:37,5,0,6
BRDA:37,5,1,3
BRF:12
BRH:12
end_of_record
