<?xml version="1.0" encoding="UTF-8"?>
<coverage generated="1689364934702" clover="3.2.0">
  <project timestamp="1689364934702" name="All files">
    <metrics statements="20" coveredstatements="17" conditionals="10" coveredconditionals="8" methods="3" coveredmethods="3" elements="33" coveredelements="28" complexity="0" loc="20" ncloc="20" packages="1" files="1" classes="1"/>
    <file name="mergeTwoSortedLists.js" path="C:\Users\alexa\Desktop\codeAndcollection\codeAndTestCollection\mergeTwoSortedListsLC21\mergeTwoSortedLists.js">
      <metrics statements="20" coveredstatements="17" conditionals="10" coveredconditionals="8" methods="3" coveredmethods="3"/>
      <line num="3" count="21" type="stmt"/>
      <line num="4" count="21" type="stmt"/>
      <line num="20" count="13" type="stmt"/>
      <line num="28" count="5" type="cond" truecount="2" falsecount="0"/>
      <line num="29" count="2" type="stmt"/>
      <line num="32" count="3" type="cond" truecount="2" falsecount="0"/>
      <line num="33" count="1" type="stmt"/>
      <line num="36" count="2" type="stmt"/>
      <line num="37" count="2" type="stmt"/>
      <line num="39" count="2" type="cond" truecount="2" falsecount="0"/>
      <line num="40" count="8" type="cond" truecount="1" falsecount="1"/>
      <line num="41" count="0" type="stmt"/>
      <line num="42" count="0" type="stmt"/>
      <line num="44" count="8" type="stmt"/>
      <line num="45" count="8" type="stmt"/>
      <line num="47" count="8" type="stmt"/>
      <line num="50" count="2" type="cond" truecount="1" falsecount="1"/>
      <line num="51" count="0" type="stmt"/>
      <line num="53" count="2" type="stmt"/>
      <line num="55" count="2" type="stmt"/>
    </file>
  </project>
</coverage>
