{"C:\\Users\\alexa\\Desktop\\codeAndcollection\\codeAndTestCollection\\mergeTwoSortedListsLC21\\mergeTwoSortedLists.js": {"path":"C:\\Users\\alexa\\Desktop\\codeAndcollection\\codeAndTestCollection\\mergeTwoSortedListsLC21\\mergeTwoSortedLists.js","statementMap":{"0":{"start":{"line":3,"column":8},"end":{"line":3,"column":25}},"1":{"start":{"line":4,"column":8},"end":{"line":4,"column":25}},"2":{"start":{"line":20,"column":8},"end":{"line":20,"column":28}},"3":{"start":{"line":64,"column":16},"end":{"line":64,"column":18}},"4":{"start":{"line":65,"column":16},"end":{"line":65,"column":18}},"5":{"start":{"line":67,"column":4},"end":{"line":69,"column":5}},"6":{"start":{"line":68,"column":8},"end":{"line":68,"column":20}},"7":{"start":{"line":70,"column":4},"end":{"line":72,"column":5}},"8":{"start":{"line":71,"column":8},"end":{"line":71,"column":20}},"9":{"start":{"line":74,"column":18},"end":{"line":74,"column":33}},"10":{"start":{"line":75,"column":24},"end":{"line":75,"column":31}},"11":{"start":{"line":77,"column":4},"end":{"line":86,"column":5}},"12":{"start":{"line":78,"column":8},"end":{"line":84,"column":9}},"13":{"start":{"line":79,"column":12},"end":{"line":79,"column":51}},"14":{"start":{"line":80,"column":12},"end":{"line":80,"column":31}},"15":{"start":{"line":82,"column":12},"end":{"line":82,"column":51}},"16":{"start":{"line":83,"column":12},"end":{"line":83,"column":31}},"17":{"start":{"line":85,"column":8},"end":{"line":85,"column":31}},"18":{"start":{"line":88,"column":4},"end":{"line":92,"column":5}},"19":{"start":{"line":89,"column":8},"end":{"line":89,"column":29}},"20":{"start":{"line":91,"column":8},"end":{"line":91,"column":29}},"21":{"start":{"line":93,"column":4},"end":{"line":93,"column":29}}},"fnMap":{"0":{"name":"(anonymous_0)","decl":{"start":{"line":2,"column":4},"end":{"line":2,"column":5}},"loc":{"start":{"line":2,"column":23},"end":{"line":5,"column":5}},"line":2},"1":{"name":"(anonymous_1)","decl":{"start":{"line":19,"column":4},"end":{"line":19,"column":5}},"loc":{"start":{"line":19,"column":21},"end":{"line":21,"column":5}},"line":19},"2":{"name":"mergeTwoLinkedLists","decl":{"start":{"line":62,"column":16},"end":{"line":62,"column":35}},"loc":{"start":{"line":62,"column":44},"end":{"line":94,"column":1}},"line":62}},"branchMap":{"0":{"loc":{"start":{"line":67,"column":4},"end":{"line":69,"column":5}},"type":"if","locations":[{"start":{"line":67,"column":4},"end":{"line":69,"column":5}},{"start":{},"end":{}}],"line":67},"1":{"loc":{"start":{"line":70,"column":4},"end":{"line":72,"column":5}},"type":"if","locations":[{"start":{"line":70,"column":4},"end":{"line":72,"column":5}},{"start":{},"end":{}}],"line":70},"2":{"loc":{"start":{"line":77,"column":11},"end":{"line":77,"column":43}},"type":"binary-expr","locations":[{"start":{"line":77,"column":11},"end":{"line":77,"column":25}},{"start":{"line":77,"column":29},"end":{"line":77,"column":43}}],"line":77},"3":{"loc":{"start":{"line":78,"column":8},"end":{"line":84,"column":9}},"type":"if","locations":[{"start":{"line":78,"column":8},"end":{"line":84,"column":9}},{"start":{"line":81,"column":15},"end":{"line":84,"column":9}}],"line":78},"4":{"loc":{"start":{"line":88,"column":4},"end":{"line":92,"column":5}},"type":"if","locations":[{"start":{"line":88,"column":4},"end":{"line":92,"column":5}},{"start":{"line":90,"column":11},"end":{"line":92,"column":5}}],"line":88}},"s":{"0":29,"1":29,"2":13,"3":5,"4":5,"5":5,"6":2,"7":3,"8":1,"9":2,"10":2,"11":2,"12":8,"13":3,"14":3,"15":5,"16":5,"17":8,"18":2,"19":1,"20":1,"21":2},"f":{"0":29,"1":13,"2":5},"b":{"0":[2,3],"1":[1,2],"2":[10,9],"3":[3,5],"4":[1,1]},"_coverageSchema":"1a1c01bbd47fc00a2c39e90264f33305004495a9","hash":"1a8e3d2ec3e4164ce437bd7d49dc922297a39731"}
}
