{"C:\\Users\\alexa\\Desktop\\codeAndcollection\\codeAndTestCollection\\mergeTwoSortedListsLC21\\mergeTwoSortedLists.js": {"path":"C:\\Users\\alexa\\Desktop\\codeAndcollection\\codeAndTestCollection\\mergeTwoSortedListsLC21\\mergeTwoSortedLists.js","statementMap":{"0":{"start":{"line":3,"column":8},"end":{"line":3,"column":27}},"1":{"start":{"line":4,"column":8},"end":{"line":4,"column":25}},"2":{"start":{"line":20,"column":8},"end":{"line":20,"column":28}},"3":{"start":{"line":28,"column":4},"end":{"line":30,"column":5}},"4":{"start":{"line":29,"column":8},"end":{"line":29,"column":18}},"5":{"start":{"line":32,"column":4},"end":{"line":34,"column":5}},"6":{"start":{"line":33,"column":8},"end":{"line":33,"column":18}},"7":{"start":{"line":36,"column":18},"end":{"line":36,"column":29}},"8":{"start":{"line":37,"column":24},"end":{"line":37,"column":31}},"9":{"start":{"line":39,"column":4},"end":{"line":48,"column":5}},"10":{"start":{"line":40,"column":8},"end":{"line":46,"column":9}},"11":{"start":{"line":41,"column":12},"end":{"line":41,"column":30}},"12":{"start":{"line":42,"column":12},"end":{"line":42,"column":25}},"13":{"start":{"line":44,"column":12},"end":{"line":44,"column":30}},"14":{"start":{"line":45,"column":12},"end":{"line":45,"column":24}},"15":{"start":{"line":47,"column":8},"end":{"line":47,"column":31}},"16":{"start":{"line":50,"column":4},"end":{"line":54,"column":5}},"17":{"start":{"line":51,"column":8},"end":{"line":51,"column":26}},"18":{"start":{"line":53,"column":8},"end":{"line":53,"column":26}},"19":{"start":{"line":55,"column":4},"end":{"line":55,"column":30}}},"fnMap":{"0":{"name":"(anonymous_0)","decl":{"start":{"line":2,"column":4},"end":{"line":2,"column":5}},"loc":{"start":{"line":2,"column":23},"end":{"line":5,"column":5}},"line":2},"1":{"name":"(anonymous_1)","decl":{"start":{"line":19,"column":4},"end":{"line":19,"column":5}},"loc":{"start":{"line":19,"column":21},"end":{"line":21,"column":5}},"line":19},"2":{"name":"mergeTwoLinkedLists","decl":{"start":{"line":26,"column":16},"end":{"line":26,"column":35}},"loc":{"start":{"line":26,"column":44},"end":{"line":56,"column":1}},"line":26}},"branchMap":{"0":{"loc":{"start":{"line":28,"column":4},"end":{"line":30,"column":5}},"type":"if","locations":[{"start":{"line":28,"column":4},"end":{"line":30,"column":5}},{"start":{},"end":{}}],"line":28},"1":{"loc":{"start":{"line":32,"column":4},"end":{"line":34,"column":5}},"type":"if","locations":[{"start":{"line":32,"column":4},"end":{"line":34,"column":5}},{"start":{},"end":{}}],"line":32},"2":{"loc":{"start":{"line":39,"column":11},"end":{"line":39,"column":37}},"type":"binary-expr","locations":[{"start":{"line":39,"column":11},"end":{"line":39,"column":22}},{"start":{"line":39,"column":26},"end":{"line":39,"column":37}}],"line":39},"3":{"loc":{"start":{"line":40,"column":8},"end":{"line":46,"column":9}},"type":"if","locations":[{"start":{"line":40,"column":8},"end":{"line":46,"column":9}},{"start":{"line":43,"column":15},"end":{"line":46,"column":9}}],"line":40},"4":{"loc":{"start":{"line":50,"column":4},"end":{"line":54,"column":5}},"type":"if","locations":[{"start":{"line":50,"column":4},"end":{"line":54,"column":5}},{"start":{"line":52,"column":11},"end":{"line":54,"column":5}}],"line":50}},"s":{"0":21,"1":21,"2":13,"3":5,"4":2,"5":3,"6":1,"7":2,"8":2,"9":2,"10":8,"11":0,"12":0,"13":8,"14":8,"15":8,"16":2,"17":0,"18":2,"19":2},"f":{"0":21,"1":13,"2":5},"b":{"0":[2,3],"1":[1,2],"2":[10,10],"3":[0,8],"4":[0,2]},"_coverageSchema":"1a1c01bbd47fc00a2c39e90264f33305004495a9","hash":"7ab51957c91e82c5d5f19eb4a2f4dcc229267511"}
}
