TN:
SF:mergeTwoSortedLists.js
FN:2,(anonymous_0)
FN:19,(anonymous_1)
FN:62,mergeTwoLinkedLists
FNF:3
FNH:3
FNDA:29,(anonymous_0)
FNDA:13,(anonymous_1)
FNDA:5,mergeTwoLinkedLists
DA:3,29
DA:4,29
DA:20,13
DA:64,5
DA:65,5
DA:67,5
DA:68,2
DA:70,3
DA:71,1
DA:74,2
DA:75,2
DA:77,2
DA:78,8
DA:79,3
DA:80,3
DA:82,5
DA:83,5
DA:85,8
DA:88,2
DA:89,1
DA:91,1
DA:93,2
LF:22
LH:22
BRDA:67,0,0,2
BRDA:67,0,1,3
BRDA:70,1,0,1
BRDA:70,1,1,2
BRDA:77,2,0,10
BRDA:77,2,1,9
BRDA:78,3,0,3
BRDA:78,3,1,5
BRDA:88,4,0,1
BRDA:88,4,1,1
BRF:10
BRH:10
end_of_record
