TN:
SF:mergeTwoSortedLists.js
FN:2,(anonymous_0)
FN:19,(anonymous_1)
FN:26,mergeTwoLinkedLists
FNF:3
FNH:3
FNDA:21,(anonymous_0)
FNDA:13,(anonymous_1)
FNDA:5,mergeTwoLinkedLists
DA:3,21
DA:4,21
DA:20,13
DA:28,5
DA:29,2
DA:32,3
DA:33,1
DA:36,2
DA:37,2
DA:39,2
DA:40,8
DA:41,0
DA:42,0
DA:44,8
DA:45,8
DA:47,8
DA:50,2
DA:51,0
DA:53,2
DA:55,2
LF:20
LH:17
BRDA:28,0,0,2
BRDA:28,0,1,3
BRDA:32,1,0,1
BRDA:32,1,1,2
BRDA:39,2,0,10
BRDA:39,2,1,10
BRDA:40,3,0,0
BRDA:40,3,1,8
BRDA:50,4,0,0
BRDA:50,4,1,2
BRF:10
BRH:8
end_of_record
