<?xml version="1.0" encoding="UTF-8"?>
<coverage generated="1690821018700" clover="3.2.0">
  <project timestamp="1690821018700" name="All files">
    <metrics statements="12" coveredstatements="12" conditionals="6" coveredconditionals="6" methods="1" coveredmethods="1" elements="19" coveredelements="19" complexity="0" loc="12" ncloc="12" packages="1" files="1" classes="1"/>
    <file name="findTheDifferenceLC389.js" path="C:\Users\alexa\Desktop\codeAndcollection\codeAndTestCollection\findTheDifferenceLC389\findTheDifferenceLC389.js">
      <metrics statements="12" coveredstatements="12" conditionals="6" coveredconditionals="6" methods="1" coveredmethods="1"/>
      <line num="3" count="6" type="stmt"/>
      <line num="5" count="6" type="stmt"/>
      <line num="6" count="41" type="cond" truecount="2" falsecount="0"/>
      <line num="7" count="15" type="stmt"/>
      <line num="9" count="26" type="stmt"/>
      <line num="13" count="6" type="stmt"/>
      <line num="14" count="35" type="stmt"/>
      <line num="15" count="195" type="cond" truecount="2" falsecount="0"/>
      <line num="16" count="35" type="stmt"/>
      <line num="21" count="6" type="stmt"/>
      <line num="22" count="19" type="cond" truecount="2" falsecount="0"/>
      <line num="23" count="6" type="stmt"/>
    </file>
  </project>
</coverage>
