{"C:\\Users\\alexa\\Desktop\\codeAndcollection\\codeAndTestCollection\\findTheDifferenceLC389\\findTheDifferenceLC389.js": {"path":"C:\\Users\\alexa\\Desktop\\codeAndcollection\\codeAndTestCollection\\findTheDifferenceLC389\\findTheDifferenceLC389.js","statementMap":{"0":{"start":{"line":3,"column":16},"end":{"line":3,"column":25}},"1":{"start":{"line":5,"column":4},"end":{"line":11,"column":5}},"2":{"start":{"line":5,"column":17},"end":{"line":5,"column":18}},"3":{"start":{"line":6,"column":8},"end":{"line":10,"column":9}},"4":{"start":{"line":7,"column":12},"end":{"line":7,"column":58}},"5":{"start":{"line":9,"column":12},"end":{"line":9,"column":35}},"6":{"start":{"line":13,"column":4},"end":{"line":19,"column":5}},"7":{"start":{"line":13,"column":17},"end":{"line":13,"column":18}},"8":{"start":{"line":14,"column":8},"end":{"line":18,"column":9}},"9":{"start":{"line":15,"column":12},"end":{"line":17,"column":13}},"10":{"start":{"line":16,"column":16},"end":{"line":16,"column":54}},"11":{"start":{"line":21,"column":4},"end":{"line":25,"column":5}},"12":{"start":{"line":22,"column":8},"end":{"line":24,"column":9}},"13":{"start":{"line":23,"column":12},"end":{"line":23,"column":21}}},"fnMap":{"0":{"name":"findDiff","decl":{"start":{"line":1,"column":16},"end":{"line":1,"column":24}},"loc":{"start":{"line":1,"column":31},"end":{"line":26,"column":1}},"line":1}},"branchMap":{"0":{"loc":{"start":{"line":6,"column":8},"end":{"line":10,"column":9}},"type":"if","locations":[{"start":{"line":6,"column":8},"end":{"line":10,"column":9}},{"start":{"line":8,"column":15},"end":{"line":10,"column":9}}],"line":6},"1":{"loc":{"start":{"line":15,"column":12},"end":{"line":17,"column":13}},"type":"if","locations":[{"start":{"line":15,"column":12},"end":{"line":17,"column":13}},{"start":{},"end":{}}],"line":15},"2":{"loc":{"start":{"line":22,"column":8},"end":{"line":24,"column":9}},"type":"if","locations":[{"start":{"line":22,"column":8},"end":{"line":24,"column":9}},{"start":{},"end":{}}],"line":22}},"s":{"0":6,"1":6,"2":6,"3":41,"4":15,"5":26,"6":6,"7":6,"8":35,"9":195,"10":35,"11":6,"12":19,"13":6},"f":{"0":6},"b":{"0":[15,26],"1":[35,160],"2":[6,13]},"_coverageSchema":"1a1c01bbd47fc00a2c39e90264f33305004495a9","hash":"5caa080d8aeac505e10d27cacada4ff3ff2ea2f0"}
}
