<?xml version="1.0" encoding="UTF-8"?>
<coverage generated="1689097983543" clover="3.2.0">
  <project timestamp="1689097983544" name="All files">
    <metrics statements="31" coveredstatements="31" conditionals="12" coveredconditionals="12" methods="1" coveredmethods="1" elements="44" coveredelements="44" complexity="0" loc="31" ncloc="31" packages="1" files="1" classes="1"/>
    <file name="keyboardRowLC500.js" path="C:\Users\alexa\Desktop\codeAndcollection\codeAndTestCollection\keyboardRowLC500\keyboardRowLC500.js">
      <metrics statements="31" coveredstatements="31" conditionals="12" coveredconditionals="12" methods="1" coveredmethods="1"/>
      <line num="2" count="7" type="stmt"/>
      <line num="3" count="7" type="stmt"/>
      <line num="4" count="7" type="stmt"/>
      <line num="5" count="7" type="stmt"/>
      <line num="6" count="7" type="stmt"/>
      <line num="7" count="7" type="stmt"/>
      <line num="9" count="7" type="stmt"/>
      <line num="11" count="7" type="stmt"/>
      <line num="12" count="16" type="stmt"/>
      <line num="13" count="27" type="cond" truecount="2" falsecount="0"/>
      <line num="14" count="15" type="stmt"/>
      <line num="15" count="15" type="stmt"/>
      <line num="18" count="16" type="cond" truecount="2" falsecount="0"/>
      <line num="19" count="1" type="stmt"/>
      <line num="20" count="1" type="stmt"/>
      <line num="22" count="15" type="stmt"/>
      <line num="25" count="15" type="stmt"/>
      <line num="26" count="34" type="cond" truecount="2" falsecount="0"/>
      <line num="27" count="9" type="stmt"/>
      <line num="28" count="9" type="stmt"/>
      <line num="31" count="15" type="cond" truecount="2" falsecount="0"/>
      <line num="32" count="6" type="stmt"/>
      <line num="34" count="9" type="stmt"/>
      <line num="37" count="15" type="stmt"/>
      <line num="38" count="18" type="cond" truecount="2" falsecount="0"/>
      <line num="39" count="14" type="stmt"/>
      <line num="40" count="14" type="stmt"/>
      <line num="43" count="15" type="cond" truecount="2" falsecount="0"/>
      <line num="44" count="1" type="stmt"/>
      <line num="46" count="14" type="stmt"/>
      <line num="49" count="7" type="stmt"/>
    </file>
  </project>
</coverage>
