{"C:\\Users\\alexa\\Desktop\\codeAndcollection\\codeAndTestCollection\\keyboardRowLC500\\keyboardRowLC500.js": {"path":"C:\\Users\\alexa\\Desktop\\codeAndcollection\\codeAndTestCollection\\keyboardRowLC500\\keyboardRowLC500.js","statementMap":{"0":{"start":{"line":2,"column":20},"end":{"line":2,"column":70}},"1":{"start":{"line":3,"column":20},"end":{"line":3,"column":65}},"2":{"start":{"line":4,"column":20},"end":{"line":4,"column":55}},"3":{"start":{"line":5,"column":15},"end":{"line":5,"column":19}},"4":{"start":{"line":6,"column":15},"end":{"line":6,"column":19}},"5":{"start":{"line":7,"column":15},"end":{"line":7,"column":19}},"6":{"start":{"line":9,"column":19},"end":{"line":9,"column":21}},"7":{"start":{"line":11,"column":4},"end":{"line":48,"column":5}},"8":{"start":{"line":11,"column":17},"end":{"line":11,"column":18}},"9":{"start":{"line":12,"column":8},"end":{"line":17,"column":9}},"10":{"start":{"line":12,"column":21},"end":{"line":12,"column":22}},"11":{"start":{"line":13,"column":12},"end":{"line":16,"column":13}},"12":{"start":{"line":14,"column":16},"end":{"line":14,"column":29}},"13":{"start":{"line":15,"column":16},"end":{"line":15,"column":22}},"14":{"start":{"line":18,"column":8},"end":{"line":23,"column":9}},"15":{"start":{"line":19,"column":12},"end":{"line":19,"column":34}},"16":{"start":{"line":20,"column":12},"end":{"line":20,"column":21}},"17":{"start":{"line":22,"column":12},"end":{"line":22,"column":24}},"18":{"start":{"line":25,"column":8},"end":{"line":30,"column":9}},"19":{"start":{"line":25,"column":21},"end":{"line":25,"column":22}},"20":{"start":{"line":26,"column":12},"end":{"line":29,"column":13}},"21":{"start":{"line":27,"column":16},"end":{"line":27,"column":29}},"22":{"start":{"line":28,"column":16},"end":{"line":28,"column":22}},"23":{"start":{"line":31,"column":8},"end":{"line":35,"column":9}},"24":{"start":{"line":32,"column":12},"end":{"line":32,"column":34}},"25":{"start":{"line":34,"column":12},"end":{"line":34,"column":24}},"26":{"start":{"line":37,"column":8},"end":{"line":42,"column":9}},"27":{"start":{"line":37,"column":21},"end":{"line":37,"column":22}},"28":{"start":{"line":38,"column":12},"end":{"line":41,"column":13}},"29":{"start":{"line":39,"column":16},"end":{"line":39,"column":29}},"30":{"start":{"line":40,"column":16},"end":{"line":40,"column":22}},"31":{"start":{"line":43,"column":8},"end":{"line":47,"column":9}},"32":{"start":{"line":44,"column":12},"end":{"line":44,"column":34}},"33":{"start":{"line":46,"column":12},"end":{"line":46,"column":24}},"34":{"start":{"line":49,"column":4},"end":{"line":49,"column":18}}},"fnMap":{"0":{"name":"keyboardRow","decl":{"start":{"line":1,"column":16},"end":{"line":1,"column":27}},"loc":{"start":{"line":1,"column":35},"end":{"line":50,"column":1}},"line":1}},"branchMap":{"0":{"loc":{"start":{"line":13,"column":12},"end":{"line":16,"column":13}},"type":"if","locations":[{"start":{"line":13,"column":12},"end":{"line":16,"column":13}},{"start":{},"end":{}}],"line":13},"1":{"loc":{"start":{"line":18,"column":8},"end":{"line":23,"column":9}},"type":"if","locations":[{"start":{"line":18,"column":8},"end":{"line":23,"column":9}},{"start":{"line":21,"column":15},"end":{"line":23,"column":9}}],"line":18},"2":{"loc":{"start":{"line":26,"column":12},"end":{"line":29,"column":13}},"type":"if","locations":[{"start":{"line":26,"column":12},"end":{"line":29,"column":13}},{"start":{},"end":{}}],"line":26},"3":{"loc":{"start":{"line":31,"column":8},"end":{"line":35,"column":9}},"type":"if","locations":[{"start":{"line":31,"column":8},"end":{"line":35,"column":9}},{"start":{"line":33,"column":15},"end":{"line":35,"column":9}}],"line":31},"4":{"loc":{"start":{"line":38,"column":12},"end":{"line":41,"column":13}},"type":"if","locations":[{"start":{"line":38,"column":12},"end":{"line":41,"column":13}},{"start":{},"end":{}}],"line":38},"5":{"loc":{"start":{"line":43,"column":8},"end":{"line":47,"column":9}},"type":"if","locations":[{"start":{"line":43,"column":8},"end":{"line":47,"column":9}},{"start":{"line":45,"column":15},"end":{"line":47,"column":9}}],"line":43}},"s":{"0":7,"1":7,"2":7,"3":7,"4":7,"5":7,"6":7,"7":7,"8":7,"9":16,"10":16,"11":27,"12":15,"13":15,"14":16,"15":1,"16":1,"17":15,"18":15,"19":15,"20":34,"21":9,"22":9,"23":15,"24":6,"25":9,"26":15,"27":15,"28":18,"29":14,"30":14,"31":15,"32":1,"33":14,"34":7},"f":{"0":7},"b":{"0":[15,12],"1":[1,15],"2":[9,25],"3":[6,9],"4":[14,4],"5":[1,14]},"_coverageSchema":"1a1c01bbd47fc00a2c39e90264f33305004495a9","hash":"d962b9cabbec710f8865d7ba86fc1dccfd87b5db"}
}
