TN:
SF:keyboardRowLC500.js
FN:1,keyboardRow
FNF:1
FNH:1
FNDA:7,keyboardRow
DA:2,7
DA:3,7
DA:4,7
DA:5,7
DA:6,7
DA:7,7
DA:9,7
DA:11,7
DA:12,16
DA:13,27
DA:14,15
DA:15,15
DA:18,16
DA:19,1
DA:20,1
DA:22,15
DA:25,15
DA:26,34
DA:27,9
DA:28,9
DA:31,15
DA:32,6
DA:34,9
DA:37,15
DA:38,18
DA:39,14
DA:40,14
DA:43,15
DA:44,1
DA:46,14
DA:49,7
LF:31
LH:31
BRDA:13,0,0,15
BRDA:13,0,1,12
BRDA:18,1,0,1
BRDA:18,1,1,15
BRDA:26,2,0,9
BRDA:26,2,1,25
BRDA:31,3,0,6
BRDA:31,3,1,9
BRDA:38,4,0,14
BRDA:38,4,1,4
BRDA:43,5,0,1
BRDA:43,5,1,14
BRF:12
BRH:12
end_of_record
