<?xml version="1.0" encoding="UTF-8"?>
<coverage generated="1688307619735" clover="3.2.0">
  <project timestamp="1688307619735" name="All files">
    <metrics statements="10" coveredstatements="10" conditionals="0" coveredconditionals="0" methods="1" coveredmethods="1" elements="11" coveredelements="11" complexity="0" loc="10" ncloc="10" packages="1" files="1" classes="1"/>
    <file name="armstrongNumberLC1134.js" path="C:\Users\alexa\Desktop\codeAndcollection\codeAndTestCollection\armstrongNumberLC1134\armstrongNumberLC1134.js">
      <metrics statements="10" coveredstatements="10" conditionals="0" coveredconditionals="0" methods="1" coveredmethods="1"/>
      <line num="2" count="10" type="stmt"/>
      <line num="3" count="10" type="stmt"/>
      <line num="4" count="10" type="stmt"/>
      <line num="6" count="10" type="stmt"/>
      <line num="7" count="31" type="stmt"/>
      <line num="8" count="31" type="stmt"/>
      <line num="9" count="31" type="stmt"/>
      <line num="12" count="10" type="stmt"/>
      <line num="13" count="31" type="stmt"/>
      <line num="15" count="10" type="stmt"/>
    </file>
  </project>
</coverage>
