<?xml version="1.0" encoding="UTF-8"?>
<coverage generated="1690554881855" clover="3.2.0">
  <project timestamp="1690554881855" name="All files">
    <metrics statements="6" coveredstatements="6" conditionals="2" coveredconditionals="2" methods="1" coveredmethods="1" elements="9" coveredelements="9" complexity="0" loc="6" ncloc="6" packages="1" files="1" classes="1"/>
    <file name="defangingAnIPaddress.js" path="C:\Users\alexa\Desktop\codeAndcollection\codeAndTestCollection\defangingAnIPaddressLC1108\defangingAnIPaddress.js">
      <metrics statements="6" coveredstatements="6" conditionals="2" coveredconditionals="2" methods="1" coveredmethods="1"/>
      <line num="3" count="9" type="stmt"/>
      <line num="5" count="9" type="stmt"/>
      <line num="6" count="101" type="cond" truecount="2" falsecount="0"/>
      <line num="7" count="74" type="stmt"/>
      <line num="9" count="27" type="stmt"/>
      <line num="12" count="9" type="stmt"/>
    </file>
  </project>
</coverage>
