{"C:\\Users\\alexa\\Desktop\\codeAndcollection\\codeAndTestCollection\\validatePalindromeLC125\\validatePalindromeLC125.js": {"path":"C:\\Users\\alexa\\Desktop\\codeAndcollection\\codeAndTestCollection\\validatePalindromeLC125\\validatePalindromeLC125.js","statementMap":{"0":{"start":{"line":2,"column":23},"end":{"line":2,"column":38}},"1":{"start":{"line":4,"column":30},"end":{"line":6,"column":58}},"2":{"start":{"line":8,"column":12},"end":{"line":8,"column":13}},"3":{"start":{"line":9,"column":12},"end":{"line":9,"column":33}},"4":{"start":{"line":11,"column":4},"end":{"line":29,"column":5}},"5":{"start":{"line":12,"column":8},"end":{"line":14,"column":9}},"6":{"start":{"line":13,"column":12},"end":{"line":13,"column":16}},"7":{"start":{"line":16,"column":8},"end":{"line":18,"column":9}},"8":{"start":{"line":17,"column":12},"end":{"line":17,"column":16}},"9":{"start":{"line":20,"column":8},"end":{"line":22,"column":9}},"10":{"start":{"line":21,"column":12},"end":{"line":21,"column":24}},"11":{"start":{"line":24,"column":8},"end":{"line":26,"column":9}},"12":{"start":{"line":25,"column":12},"end":{"line":25,"column":25}},"13":{"start":{"line":27,"column":8},"end":{"line":27,"column":12}},"14":{"start":{"line":28,"column":8},"end":{"line":28,"column":12}},"15":{"start":{"line":30,"column":4},"end":{"line":30,"column":16}}},"fnMap":{"0":{"name":"validatePalindrome","decl":{"start":{"line":1,"column":16},"end":{"line":1,"column":34}},"loc":{"start":{"line":1,"column":38},"end":{"line":31,"column":1}},"line":1}},"branchMap":{"0":{"loc":{"start":{"line":12,"column":15},"end":{"line":12,"column":84}},"type":"binary-expr","locations":[{"start":{"line":12,"column":15},"end":{"line":12,"column":36}},{"start":{"line":12,"column":40},"end":{"line":12,"column":84}}],"line":12},"1":{"loc":{"start":{"line":16,"column":15},"end":{"line":16,"column":69}},"type":"binary-expr","locations":[{"start":{"line":16,"column":15},"end":{"line":16,"column":21}},{"start":{"line":16,"column":25},"end":{"line":16,"column":69}}],"line":16},"2":{"loc":{"start":{"line":20,"column":8},"end":{"line":22,"column":9}},"type":"if","locations":[{"start":{"line":20,"column":8},"end":{"line":22,"column":9}},{"start":{},"end":{}}],"line":20},"3":{"loc":{"start":{"line":24,"column":8},"end":{"line":26,"column":9}},"type":"if","locations":[{"start":{"line":24,"column":8},"end":{"line":26,"column":9}},{"start":{},"end":{}}],"line":24}},"s":{"0":9,"1":9,"2":9,"3":9,"4":9,"5":31,"6":12,"7":31,"8":16,"9":31,"10":4,"11":27,"12":2,"13":25,"14":25,"15":3},"f":{"0":9},"b":{"0":[43,42],"1":[47,46],"2":[4,27],"3":[2,25]},"_coverageSchema":"1a1c01bbd47fc00a2c39e90264f33305004495a9","hash":"59a091efec63bee128ab8dd5170e8904f4fd7772"}
}
