{"C:\\Users\\alexa\\Desktop\\codeAndcollection\\codeAndTestCollection\\addDigitsLC258\\addDigitLC258.js": {"path":"C:\\Users\\alexa\\Desktop\\codeAndcollection\\codeAndTestCollection\\addDigitsLC258\\addDigitLC258.js","statementMap":{"0":{"start":{"line":3,"column":19},"end":{"line":3,"column":22}},"1":{"start":{"line":4,"column":14},"end":{"line":4,"column":15}},"2":{"start":{"line":6,"column":4},"end":{"line":20,"column":5}},"3":{"start":{"line":8,"column":8},"end":{"line":12,"column":9}},"4":{"start":{"line":10,"column":12},"end":{"line":10,"column":34}},"5":{"start":{"line":11,"column":12},"end":{"line":11,"column":48}},"6":{"start":{"line":14,"column":8},"end":{"line":19,"column":9}},"7":{"start":{"line":15,"column":12},"end":{"line":15,"column":18}},"8":{"start":{"line":17,"column":12},"end":{"line":17,"column":26}},"9":{"start":{"line":18,"column":12},"end":{"line":18,"column":19}},"10":{"start":{"line":21,"column":4},"end":{"line":21,"column":15}}},"fnMap":{"0":{"name":"addDigit","decl":{"start":{"line":1,"column":16},"end":{"line":1,"column":24}},"loc":{"start":{"line":1,"column":30},"end":{"line":22,"column":1}},"line":1}},"branchMap":{"0":{"loc":{"start":{"line":14,"column":8},"end":{"line":19,"column":9}},"type":"if","locations":[{"start":{"line":14,"column":8},"end":{"line":19,"column":9}},{"start":{"line":16,"column":15},"end":{"line":19,"column":9}}],"line":14}},"s":{"0":5,"1":5,"2":5,"3":10,"4":31,"5":31,"6":10,"7":5,"8":5,"9":5,"10":5},"f":{"0":5},"b":{"0":[5,5]},"_coverageSchema":"1a1c01bbd47fc00a2c39e90264f33305004495a9","hash":"e2064977117792931cae2b7b597db0eb9d1da53e"}
}
