<?xml version="1.0" encoding="UTF-8"?>
<coverage generated="1690476111556" clover="3.2.0">
  <project timestamp="1690476111556" name="All files">
    <metrics statements="10" coveredstatements="10" conditionals="10" coveredconditionals="10" methods="1" coveredmethods="1" elements="21" coveredelements="21" complexity="0" loc="10" ncloc="10" packages="1" files="1" classes="1"/>
    <file name="islandPerimeterLC463.js" path="C:\Users\alexa\Desktop\codeAndcollection\codeAndTestCollection\islandPerimeterLC463\islandPerimeterLC463.js">
      <metrics statements="10" coveredstatements="10" conditionals="10" coveredconditionals="10" methods="1" coveredmethods="1"/>
      <line num="3" count="9" type="stmt"/>
      <line num="5" count="9" type="stmt"/>
      <line num="6" count="29" type="stmt"/>
      <line num="7" count="95" type="cond" truecount="2" falsecount="0"/>
      <line num="8" count="48" type="stmt"/>
      <line num="10" count="48" type="cond" truecount="4" falsecount="0"/>
      <line num="11" count="24" type="stmt"/>
      <line num="14" count="48" type="cond" truecount="4" falsecount="0"/>
      <line num="15" count="15" type="stmt"/>
      <line num="20" count="9" type="stmt"/>
    </file>
  </project>
</coverage>
