{"C:\\Users\\alexa\\Desktop\\codeAndcollection\\codeAndTestCollection\\islandPerimeterLC463\\islandPerimeterLC463.js": {"path":"C:\\Users\\alexa\\Desktop\\codeAndcollection\\codeAndTestCollection\\islandPerimeterLC463\\islandPerimeterLC463.js","statementMap":{"0":{"start":{"line":3,"column":20},"end":{"line":3,"column":21}},"1":{"start":{"line":5,"column":4},"end":{"line":19,"column":5}},"2":{"start":{"line":5,"column":17},"end":{"line":5,"column":18}},"3":{"start":{"line":6,"column":8},"end":{"line":18,"column":9}},"4":{"start":{"line":6,"column":21},"end":{"line":6,"column":22}},"5":{"start":{"line":7,"column":12},"end":{"line":17,"column":13}},"6":{"start":{"line":8,"column":16},"end":{"line":8,"column":30}},"7":{"start":{"line":10,"column":16},"end":{"line":12,"column":17}},"8":{"start":{"line":11,"column":20},"end":{"line":11,"column":35}},"9":{"start":{"line":14,"column":16},"end":{"line":16,"column":17}},"10":{"start":{"line":15,"column":20},"end":{"line":15,"column":35}},"11":{"start":{"line":20,"column":4},"end":{"line":20,"column":21}}},"fnMap":{"0":{"name":"islandPer","decl":{"start":{"line":1,"column":16},"end":{"line":1,"column":25}},"loc":{"start":{"line":1,"column":32},"end":{"line":21,"column":1}},"line":1}},"branchMap":{"0":{"loc":{"start":{"line":7,"column":12},"end":{"line":17,"column":13}},"type":"if","locations":[{"start":{"line":7,"column":12},"end":{"line":17,"column":13}},{"start":{},"end":{}}],"line":7},"1":{"loc":{"start":{"line":10,"column":16},"end":{"line":12,"column":17}},"type":"if","locations":[{"start":{"line":10,"column":16},"end":{"line":12,"column":17}},{"start":{},"end":{}}],"line":10},"2":{"loc":{"start":{"line":10,"column":20},"end":{"line":10,"column":49}},"type":"binary-expr","locations":[{"start":{"line":10,"column":20},"end":{"line":10,"column":25}},{"start":{"line":10,"column":29},"end":{"line":10,"column":49}}],"line":10},"3":{"loc":{"start":{"line":14,"column":16},"end":{"line":16,"column":17}},"type":"if","locations":[{"start":{"line":14,"column":16},"end":{"line":16,"column":17}},{"start":{},"end":{}}],"line":14},"4":{"loc":{"start":{"line":14,"column":20},"end":{"line":14,"column":49}},"type":"binary-expr","locations":[{"start":{"line":14,"column":20},"end":{"line":14,"column":25}},{"start":{"line":14,"column":29},"end":{"line":14,"column":49}}],"line":14}},"s":{"0":9,"1":9,"2":9,"3":29,"4":29,"5":95,"6":48,"7":48,"8":24,"9":48,"10":15,"11":9},"f":{"0":9},"b":{"0":[48,47],"1":[24,24],"2":[48,34],"3":[15,33],"4":[48,33]},"_coverageSchema":"1a1c01bbd47fc00a2c39e90264f33305004495a9","hash":"6bc7f2cc27f87cbe7fc0885a7a5b1cc9fecad909"}
}
