<?xml version="1.0" encoding="UTF-8"?>
<coverage generated="1689873867193" clover="3.2.0">
  <project timestamp="1689873867193" name="All files">
    <metrics statements="16" coveredstatements="15" conditionals="10" coveredconditionals="8" methods="1" coveredmethods="1" elements="27" coveredelements="24" complexity="0" loc="16" ncloc="16" packages="1" files="1" classes="1"/>
    <file name="wordPatternLC290.js" path="C:\Users\alexa\Desktop\codeAndcollection\codeAndTestCollection\wordPatternLC290\wordPatternLC290.js">
      <metrics statements="16" coveredstatements="15" conditionals="10" coveredconditionals="8" methods="1" coveredmethods="1"/>
      <line num="3" count="5" type="stmt"/>
      <line num="5" count="5" type="cond" truecount="2" falsecount="0"/>
      <line num="6" count="1" type="stmt"/>
      <line num="9" count="4" type="stmt"/>
      <line num="10" count="4" type="stmt"/>
      <line num="12" count="4" type="stmt"/>
      <line num="14" count="17" type="cond" truecount="4" falsecount="0"/>
      <line num="16" count="7" type="stmt"/>
      <line num="17" count="7" type="stmt"/>
      <line num="18" count="7" type="stmt"/>
      <line num="19" count="7" type="stmt"/>
      <line num="20" count="10" type="cond" truecount="2" falsecount="2"/>
      <line num="21" count="0" type="stmt"/>
      <line num="23" count="17" type="stmt"/>
      <line num="24" count="17" type="stmt"/>
      <line num="26" count="4" type="stmt"/>
    </file>
  </project>
</coverage>
