{"C:\\Users\\alexa\\Desktop\\codeAndcollection\\codeAndTestCollection\\wordPatternLC290\\wordPatternLC290.js": {"path":"C:\\Users\\alexa\\Desktop\\codeAndcollection\\codeAndTestCollection\\wordPatternLC290\\wordPatternLC290.js","statementMap":{"0":{"start":{"line":3,"column":14},"end":{"line":3,"column":28}},"1":{"start":{"line":5,"column":4},"end":{"line":7,"column":5}},"2":{"start":{"line":6,"column":8},"end":{"line":6,"column":21}},"3":{"start":{"line":9,"column":16},"end":{"line":9,"column":25}},"4":{"start":{"line":10,"column":16},"end":{"line":10,"column":25}},"5":{"start":{"line":12,"column":4},"end":{"line":25,"column":5}},"6":{"start":{"line":12,"column":17},"end":{"line":12,"column":18}},"7":{"start":{"line":14,"column":8},"end":{"line":22,"column":9}},"8":{"start":{"line":16,"column":12},"end":{"line":16,"column":45}},"9":{"start":{"line":17,"column":12},"end":{"line":17,"column":26}},"10":{"start":{"line":18,"column":12},"end":{"line":18,"column":40}},"11":{"start":{"line":19,"column":12},"end":{"line":19,"column":38}},"12":{"start":{"line":20,"column":15},"end":{"line":22,"column":9}},"13":{"start":{"line":21,"column":12},"end":{"line":21,"column":25}},"14":{"start":{"line":23,"column":8},"end":{"line":23,"column":36}},"15":{"start":{"line":24,"column":8},"end":{"line":24,"column":34}},"16":{"start":{"line":26,"column":4},"end":{"line":26,"column":16}}},"fnMap":{"0":{"name":"wordPattern","decl":{"start":{"line":1,"column":16},"end":{"line":1,"column":27}},"loc":{"start":{"line":1,"column":42},"end":{"line":27,"column":1}},"line":1}},"branchMap":{"0":{"loc":{"start":{"line":5,"column":4},"end":{"line":7,"column":5}},"type":"if","locations":[{"start":{"line":5,"column":4},"end":{"line":7,"column":5}},{"start":{},"end":{}}],"line":5},"1":{"loc":{"start":{"line":14,"column":8},"end":{"line":22,"column":9}},"type":"if","locations":[{"start":{"line":14,"column":8},"end":{"line":22,"column":9}},{"start":{"line":20,"column":15},"end":{"line":22,"column":9}}],"line":14},"2":{"loc":{"start":{"line":14,"column":12},"end":{"line":14,"column":79}},"type":"binary-expr","locations":[{"start":{"line":14,"column":12},"end":{"line":14,"column":39}},{"start":{"line":14,"column":43},"end":{"line":14,"column":79}}],"line":14},"3":{"loc":{"start":{"line":20,"column":15},"end":{"line":22,"column":9}},"type":"if","locations":[{"start":{"line":20,"column":15},"end":{"line":22,"column":9}},{"start":{},"end":{}}],"line":20},"4":{"loc":{"start":{"line":20,"column":19},"end":{"line":20,"column":63}},"type":"binary-expr","locations":[{"start":{"line":20,"column":19},"end":{"line":20,"column":46}},{"start":{"line":20,"column":50},"end":{"line":20,"column":63}}],"line":20}},"s":{"0":5,"1":5,"2":1,"3":4,"4":4,"5":4,"6":4,"7":17,"8":7,"9":7,"10":7,"11":7,"12":10,"13":0,"14":17,"15":17,"16":4},"f":{"0":5},"b":{"0":[1,4],"1":[7,10],"2":[17,7],"3":[0,10],"4":[10,0]},"_coverageSchema":"1a1c01bbd47fc00a2c39e90264f33305004495a9","hash":"6e9ca6d2fd4c52c351a7ae8e65ce45b0c2c0fe0d"}
}
