{"C:\\Users\\alexa\\Desktop\\codeAndcollection\\codeAndTestCollection\\wordPatternLC290\\wordPatternLC290.js": {"path":"C:\\Users\\alexa\\Desktop\\codeAndcollection\\codeAndTestCollection\\wordPatternLC290\\wordPatternLC290.js","statementMap":{"0":{"start":{"line":2,"column":16},"end":{"line":2,"column":25}},"1":{"start":{"line":3,"column":16},"end":{"line":3,"column":25}},"2":{"start":{"line":4,"column":21},"end":{"line":4,"column":37}},"3":{"start":{"line":5,"column":23},"end":{"line":5,"column":40}},"4":{"start":{"line":7,"column":4},"end":{"line":9,"column":5}},"5":{"start":{"line":8,"column":8},"end":{"line":8,"column":21}},"6":{"start":{"line":11,"column":4},"end":{"line":23,"column":5}},"7":{"start":{"line":11,"column":17},"end":{"line":11,"column":18}},"8":{"start":{"line":12,"column":25},"end":{"line":12,"column":42}},"9":{"start":{"line":13,"column":8},"end":{"line":22,"column":9}},"10":{"start":{"line":14,"column":12},"end":{"line":14,"column":43}},"11":{"start":{"line":15,"column":12},"end":{"line":15,"column":33}},"12":{"start":{"line":17,"column":13},"end":{"line":22,"column":9}},"13":{"start":{"line":18,"column":12},"end":{"line":18,"column":25}},"14":{"start":{"line":20,"column":13},"end":{"line":22,"column":9}},"15":{"start":{"line":21,"column":12},"end":{"line":21,"column":25}},"16":{"start":{"line":24,"column":4},"end":{"line":24,"column":16}}},"fnMap":{"0":{"name":"wordPattern","decl":{"start":{"line":1,"column":16},"end":{"line":1,"column":27}},"loc":{"start":{"line":1,"column":44},"end":{"line":25,"column":1}},"line":1}},"branchMap":{"0":{"loc":{"start":{"line":7,"column":4},"end":{"line":9,"column":5}},"type":"if","locations":[{"start":{"line":7,"column":4},"end":{"line":9,"column":5}},{"start":{},"end":{}}],"line":7},"1":{"loc":{"start":{"line":13,"column":8},"end":{"line":22,"column":9}},"type":"if","locations":[{"start":{"line":13,"column":8},"end":{"line":22,"column":9}},{"start":{"line":17,"column":13},"end":{"line":22,"column":9}}],"line":13},"2":{"loc":{"start":{"line":13,"column":12},"end":{"line":13,"column":55}},"type":"binary-expr","locations":[{"start":{"line":13,"column":12},"end":{"line":13,"column":30}},{"start":{"line":13,"column":34},"end":{"line":13,"column":55}}],"line":13},"3":{"loc":{"start":{"line":17,"column":13},"end":{"line":22,"column":9}},"type":"if","locations":[{"start":{"line":17,"column":13},"end":{"line":22,"column":9}},{"start":{"line":20,"column":13},"end":{"line":22,"column":9}}],"line":17},"4":{"loc":{"start":{"line":17,"column":17},"end":{"line":17,"column":59}},"type":"binary-expr","locations":[{"start":{"line":17,"column":17},"end":{"line":17,"column":35}},{"start":{"line":17,"column":39},"end":{"line":17,"column":59}}],"line":17},"5":{"loc":{"start":{"line":20,"column":13},"end":{"line":22,"column":9}},"type":"if","locations":[{"start":{"line":20,"column":13},"end":{"line":22,"column":9}},{"start":{},"end":{}}],"line":20},"6":{"loc":{"start":{"line":20,"column":17},"end":{"line":20,"column":71}},"type":"binary-expr","locations":[{"start":{"line":20,"column":17},"end":{"line":20,"column":34}},{"start":{"line":20,"column":38},"end":{"line":20,"column":71}}],"line":20}},"s":{"0":7,"1":7,"2":7,"3":7,"4":7,"5":1,"6":6,"7":6,"8":19,"9":19,"10":10,"11":10,"12":9,"13":1,"14":8,"15":2,"16":3},"f":{"0":7},"b":{"0":[1,6],"1":[10,9],"2":[19,11],"3":[1,8],"4":[9,1],"5":[2,6],"6":[8,8]},"_coverageSchema":"1a1c01bbd47fc00a2c39e90264f33305004495a9","hash":"608341d1e2ca37a3369ca02d629ed73f0d005998"}
}
