<?xml version="1.0" encoding="UTF-8"?>
<coverage generated="1689804588250" clover="3.2.0">
  <project timestamp="1689804588250" name="All files">
    <metrics statements="19" coveredstatements="19" conditionals="2" coveredconditionals="2" methods="9" coveredmethods="9" elements="30" coveredelements="30" complexity="0" loc="19" ncloc="19" packages="1" files="1" classes="1"/>
    <file name="implementStackUsingQueuesLC225.js" path="C:\Users\alexa\Desktop\codeAndcollection\codeAndTestCollection\implementStackUsingQueuesLC225\implementStackUsingQueuesLC225.js">
      <metrics statements="19" coveredstatements="19" conditionals="2" coveredconditionals="2" methods="9" coveredmethods="9"/>
      <line num="4" count="7" type="stmt"/>
      <line num="5" count="7" type="stmt"/>
      <line num="9" count="29" type="stmt"/>
      <line num="14" count="13" type="stmt"/>
      <line num="18" count="2" type="cond" truecount="2" falsecount="0"/>
      <line num="22" count="1" type="stmt"/>
      <line num="23" count="5" type="stmt"/>
      <line num="24" count="5" type="stmt"/>
      <line num="25" count="5" type="stmt"/>
      <line num="27" count="5" type="stmt"/>
      <line num="28" count="5" type="stmt"/>
      <line num="30" count="1" type="stmt"/>
      <line num="31" count="1" type="stmt"/>
      <line num="32" count="1" type="stmt"/>
      <line num="40" count="22" type="stmt"/>
      <line num="44" count="68" type="stmt"/>
      <line num="47" count="37" type="stmt"/>
      <line num="48" count="37" type="stmt"/>
      <line num="52" count="11" type="stmt"/>
    </file>
  </project>
</coverage>
