<?xml version="1.0" encoding="UTF-8"?>
<coverage generated="1689792567854" clover="3.2.0">
  <project timestamp="1689792567854" name="All files">
    <metrics statements="5" coveredstatements="5" conditionals="0" coveredconditionals="0" methods="5" coveredmethods="5" elements="10" coveredelements="10" complexity="0" loc="5" ncloc="5" packages="1" files="1" classes="1"/>
    <file name="implementStackUsingQueuesLC225.js" path="C:\Users\alexa\Desktop\codeAndcollection\codeAndTestCollection\implementStackUsingQueuesLC225\implementStackUsingQueuesLC225.js">
      <metrics statements="5" coveredstatements="5" conditionals="0" coveredconditionals="0" methods="5" coveredmethods="5"/>
      <line num="3" count="9" type="stmt"/>
      <line num="7" count="38" type="stmt"/>
      <line num="11" count="25" type="stmt"/>
      <line num="15" count="2" type="stmt"/>
      <line num="19" count="2" type="stmt"/>
    </file>
  </project>
</coverage>
