{"C:\\Users\\alexa\\Desktop\\codeAndcollection\\codeAndTestCollection\\implementStackUsingQueuesLC225\\implementStackUsingQueuesLC225.js": {"path":"C:\\Users\\alexa\\Desktop\\codeAndcollection\\codeAndTestCollection\\implementStackUsingQueuesLC225\\implementStackUsingQueuesLC225.js","statementMap":{"0":{"start":{"line":4,"column":8},"end":{"line":4,"column":34}},"1":{"start":{"line":5,"column":8},"end":{"line":5,"column":34}},"2":{"start":{"line":9,"column":8},"end":{"line":9,"column":41}},"3":{"start":{"line":14,"column":8},"end":{"line":14,"column":37}},"4":{"start":{"line":18,"column":8},"end":{"line":18,"column":63}},"5":{"start":{"line":22,"column":8},"end":{"line":29,"column":9}},"6":{"start":{"line":23,"column":12},"end":{"line":23,"column":29}},"7":{"start":{"line":24,"column":29},"end":{"line":24,"column":50}},"8":{"start":{"line":25,"column":12},"end":{"line":25,"column":42}},"9":{"start":{"line":27,"column":12},"end":{"line":27,"column":53}},"10":{"start":{"line":28,"column":12},"end":{"line":28,"column":36}},"11":{"start":{"line":30,"column":21},"end":{"line":30,"column":42}},"12":{"start":{"line":31,"column":8},"end":{"line":31,"column":34}},"13":{"start":{"line":32,"column":8},"end":{"line":32,"column":20}},"14":{"start":{"line":40,"column":8},"end":{"line":40,"column":24}},"15":{"start":{"line":44,"column":8},"end":{"line":44,"column":30}},"16":{"start":{"line":47,"column":28},"end":{"line":47,"column":46}},"17":{"start":{"line":48,"column":8},"end":{"line":48,"column":27}},"18":{"start":{"line":52,"column":8},"end":{"line":52,"column":39}}},"fnMap":{"0":{"name":"(anonymous_0)","decl":{"start":{"line":3,"column":4},"end":{"line":3,"column":5}},"loc":{"start":{"line":3,"column":18},"end":{"line":6,"column":5}},"line":3},"1":{"name":"(anonymous_1)","decl":{"start":{"line":8,"column":4},"end":{"line":8,"column":5}},"loc":{"start":{"line":8,"column":15},"end":{"line":10,"column":5}},"line":8},"2":{"name":"(anonymous_2)","decl":{"start":{"line":13,"column":4},"end":{"line":13,"column":5}},"loc":{"start":{"line":13,"column":10},"end":{"line":15,"column":5}},"line":13},"3":{"name":"(anonymous_3)","decl":{"start":{"line":17,"column":4},"end":{"line":17,"column":5}},"loc":{"start":{"line":17,"column":12},"end":{"line":19,"column":5}},"line":17},"4":{"name":"(anonymous_4)","decl":{"start":{"line":21,"column":4},"end":{"line":21,"column":5}},"loc":{"start":{"line":21,"column":10},"end":{"line":34,"column":5}},"line":21},"5":{"name":"(anonymous_5)","decl":{"start":{"line":39,"column":4},"end":{"line":39,"column":5}},"loc":{"start":{"line":39,"column":18},"end":{"line":41,"column":5}},"line":39},"6":{"name":"(anonymous_6)","decl":{"start":{"line":43,"column":4},"end":{"line":43,"column":5}},"loc":{"start":{"line":43,"column":18},"end":{"line":45,"column":5}},"line":43},"7":{"name":"(anonymous_7)","decl":{"start":{"line":46,"column":4},"end":{"line":46,"column":5}},"loc":{"start":{"line":46,"column":14},"end":{"line":49,"column":5}},"line":46},"8":{"name":"(anonymous_8)","decl":{"start":{"line":51,"column":4},"end":{"line":51,"column":5}},"loc":{"start":{"line":51,"column":14},"end":{"line":53,"column":5}},"line":51}},"branchMap":{"0":{"loc":{"start":{"line":18,"column":16},"end":{"line":18,"column":62}},"type":"binary-expr","locations":[{"start":{"line":18,"column":16},"end":{"line":18,"column":37}},{"start":{"line":18,"column":41},"end":{"line":18,"column":62}}],"line":18}},"s":{"0":7,"1":7,"2":29,"3":13,"4":2,"5":1,"6":5,"7":5,"8":5,"9":5,"10":5,"11":1,"12":1,"13":1,"14":22,"15":68,"16":37,"17":37,"18":11},"f":{"0":7,"1":29,"2":13,"3":2,"4":1,"5":22,"6":68,"7":37,"8":11},"b":{"0":[2,1]},"_coverageSchema":"1a1c01bbd47fc00a2c39e90264f33305004495a9","hash":"eff59dc73608f7dfe3c75edb2995e371f74cdf75"}
}
