{"C:\\Users\\alexa\\Desktop\\codeAndcollection\\codeAndTestCollection\\implementStackUsingQueuesLC225\\implementStackUsingQueuesLC225.js": {"path":"C:\\Users\\alexa\\Desktop\\codeAndcollection\\codeAndTestCollection\\implementStackUsingQueuesLC225\\implementStackUsingQueuesLC225.js","statementMap":{"0":{"start":{"line":3,"column":8},"end":{"line":3,"column":24}},"1":{"start":{"line":7,"column":8},"end":{"line":7,"column":30}},"2":{"start":{"line":11,"column":8},"end":{"line":11,"column":34}},"3":{"start":{"line":15,"column":8},"end":{"line":15,"column":33}},"4":{"start":{"line":19,"column":8},"end":{"line":19,"column":39}}},"fnMap":{"0":{"name":"(anonymous_0)","decl":{"start":{"line":2,"column":4},"end":{"line":2,"column":5}},"loc":{"start":{"line":2,"column":18},"end":{"line":4,"column":5}},"line":2},"1":{"name":"(anonymous_1)","decl":{"start":{"line":6,"column":4},"end":{"line":6,"column":5}},"loc":{"start":{"line":6,"column":18},"end":{"line":8,"column":5}},"line":6},"2":{"name":"(anonymous_2)","decl":{"start":{"line":10,"column":4},"end":{"line":10,"column":5}},"loc":{"start":{"line":10,"column":14},"end":{"line":12,"column":5}},"line":10},"3":{"name":"(anonymous_3)","decl":{"start":{"line":14,"column":4},"end":{"line":14,"column":5}},"loc":{"start":{"line":14,"column":11},"end":{"line":16,"column":5}},"line":14},"4":{"name":"(anonymous_4)","decl":{"start":{"line":18,"column":4},"end":{"line":18,"column":5}},"loc":{"start":{"line":18,"column":14},"end":{"line":20,"column":5}},"line":18}},"branchMap":{},"s":{"0":9,"1":38,"2":25,"3":2,"4":2},"f":{"0":9,"1":38,"2":25,"3":2,"4":2},"b":{},"_coverageSchema":"1a1c01bbd47fc00a2c39e90264f33305004495a9","hash":"0ec07ebaeb0e6b2d015865430e73c45ef64ceffc"}
}
