TN:
SF:implementStackUsingQueuesLC225.js
FN:3,(anonymous_0)
FN:8,(anonymous_1)
FN:13,(anonymous_2)
FN:17,(anonymous_3)
FN:21,(anonymous_4)
FN:39,(anonymous_5)
FN:43,(anonymous_6)
FN:46,(anonymous_7)
FN:51,(anonymous_8)
FNF:9
FNH:9
FNDA:7,(anonymous_0)
FNDA:29,(anonymous_1)
FNDA:13,(anonymous_2)
FNDA:2,(anonymous_3)
FNDA:1,(anonymous_4)
FNDA:22,(anonymous_5)
FNDA:68,(anonymous_6)
FNDA:37,(anonymous_7)
FNDA:11,(anonymous_8)
DA:4,7
DA:5,7
DA:9,29
DA:14,13
DA:18,2
DA:22,1
DA:23,5
DA:24,5
DA:25,5
DA:27,5
DA:28,5
DA:30,1
DA:31,1
DA:32,1
DA:40,22
DA:44,68
DA:47,37
DA:48,37
DA:52,11
LF:19
LH:19
BRDA:18,0,0,2
BRDA:18,0,1,1
BRF:2
BRH:2
end_of_record
