<?xml version="1.0" encoding="UTF-8"?>
<coverage generated="1690210990779" clover="3.2.0">
  <project timestamp="1690210990779" name="All files">
    <metrics statements="18" coveredstatements="18" conditionals="10" coveredconditionals="10" methods="1" coveredmethods="1" elements="29" coveredelements="29" complexity="0" loc="18" ncloc="18" packages="1" files="1" classes="1"/>
    <file name="longestCommonPrefixLC14.js" path="C:\Users\alexa\Desktop\codeAndcollection\codeAndTestCollection\longestCommonPrefixLC14\longestCommonPrefixLC14.js">
      <metrics statements="18" coveredstatements="18" conditionals="10" coveredconditionals="10" methods="1" coveredmethods="1"/>
      <line num="2" count="9" type="cond" truecount="4" falsecount="0"/>
      <line num="3" count="1" type="stmt"/>
      <line num="5" count="8" type="cond" truecount="2" falsecount="0"/>
      <line num="6" count="1" type="stmt"/>
      <line num="9" count="7" type="stmt"/>
      <line num="11" count="7" type="stmt"/>
      <line num="12" count="14" type="cond" truecount="2" falsecount="0"/>
      <line num="13" count="5" type="stmt"/>
      <line num="17" count="7" type="stmt"/>
      <line num="19" count="7" type="stmt"/>
      <line num="20" count="21" type="stmt"/>
      <line num="21" count="21" type="stmt"/>
      <line num="22" count="33" type="cond" truecount="2" falsecount="0"/>
      <line num="23" count="27" type="stmt"/>
      <line num="25" count="6" type="stmt"/>
      <line num="28" count="21" type="stmt"/>
      <line num="29" count="21" type="stmt"/>
      <line num="31" count="7" type="stmt"/>
    </file>
  </project>
</coverage>
