{"C:\\Users\\alexa\\Desktop\\codeAndcollection\\codeAndTestCollection\\longestCommonPrefixLC14\\longestCommonPrefixLC14.js": {"path":"C:\\Users\\alexa\\Desktop\\codeAndcollection\\codeAndTestCollection\\longestCommonPrefixLC14\\longestCommonPrefixLC14.js","statementMap":{"0":{"start":{"line":2,"column":4},"end":{"line":4,"column":5}},"1":{"start":{"line":3,"column":8},"end":{"line":3,"column":18}},"2":{"start":{"line":5,"column":4},"end":{"line":7,"column":5}},"3":{"start":{"line":6,"column":8},"end":{"line":6,"column":23}},"4":{"start":{"line":9,"column":30},"end":{"line":9,"column":37}},"5":{"start":{"line":11,"column":4},"end":{"line":15,"column":5}},"6":{"start":{"line":11,"column":17},"end":{"line":11,"column":18}},"7":{"start":{"line":12,"column":8},"end":{"line":14,"column":9}},"8":{"start":{"line":13,"column":12},"end":{"line":13,"column":42}},"9":{"start":{"line":17,"column":17},"end":{"line":17,"column":19}},"10":{"start":{"line":19,"column":4},"end":{"line":30,"column":5}},"11":{"start":{"line":19,"column":17},"end":{"line":19,"column":18}},"12":{"start":{"line":20,"column":25},"end":{"line":20,"column":32}},"13":{"start":{"line":21,"column":8},"end":{"line":27,"column":9}},"14":{"start":{"line":21,"column":21},"end":{"line":21,"column":22}},"15":{"start":{"line":22,"column":12},"end":{"line":26,"column":13}},"16":{"start":{"line":23,"column":16},"end":{"line":23,"column":48}},"17":{"start":{"line":25,"column":16},"end":{"line":25,"column":45}},"18":{"start":{"line":28,"column":8},"end":{"line":28,"column":37}},"19":{"start":{"line":29,"column":8},"end":{"line":29,"column":19}},"20":{"start":{"line":31,"column":4},"end":{"line":31,"column":31}}},"fnMap":{"0":{"name":"longestCommonPrefix","decl":{"start":{"line":1,"column":16},"end":{"line":1,"column":35}},"loc":{"start":{"line":1,"column":42},"end":{"line":32,"column":1}},"line":1}},"branchMap":{"0":{"loc":{"start":{"line":2,"column":4},"end":{"line":4,"column":5}},"type":"if","locations":[{"start":{"line":2,"column":4},"end":{"line":4,"column":5}},{"start":{},"end":{}}],"line":2},"1":{"loc":{"start":{"line":2,"column":9},"end":{"line":2,"column":48}},"type":"binary-expr","locations":[{"start":{"line":2,"column":9},"end":{"line":2,"column":27}},{"start":{"line":2,"column":31},"end":{"line":2,"column":48}}],"line":2},"2":{"loc":{"start":{"line":5,"column":4},"end":{"line":7,"column":5}},"type":"if","locations":[{"start":{"line":5,"column":4},"end":{"line":7,"column":5}},{"start":{},"end":{}}],"line":5},"3":{"loc":{"start":{"line":12,"column":8},"end":{"line":14,"column":9}},"type":"if","locations":[{"start":{"line":12,"column":8},"end":{"line":14,"column":9}},{"start":{},"end":{}}],"line":12},"4":{"loc":{"start":{"line":22,"column":12},"end":{"line":26,"column":13}},"type":"if","locations":[{"start":{"line":22,"column":12},"end":{"line":26,"column":13}},{"start":{"line":24,"column":19},"end":{"line":26,"column":13}}],"line":22}},"s":{"0":9,"1":1,"2":8,"3":1,"4":7,"5":7,"6":7,"7":14,"8":5,"9":7,"10":7,"11":7,"12":21,"13":21,"14":21,"15":33,"16":27,"17":6,"18":21,"19":21,"20":7},"f":{"0":9},"b":{"0":[1,8],"1":[9,8],"2":[1,7],"3":[5,9],"4":[27,6]},"_coverageSchema":"1a1c01bbd47fc00a2c39e90264f33305004495a9","hash":"fc2ce82841a8a7d31d0c5ac63a1e520c49036d82"}
}
