<?xml version="1.0" encoding="UTF-8"?>
<coverage generated="1688912057825" clover="3.2.0">
  <project timestamp="1688912057825" name="All files">
    <metrics statements="29" coveredstatements="29" conditionals="22" coveredconditionals="22" methods="1" coveredmethods="1" elements="52" coveredelements="52" complexity="0" loc="29" ncloc="29" packages="1" files="1" classes="1"/>
    <file name="romanToInteger.js" path="C:\Users\alexa\Desktop\codeAndcollection\codeAndTestCollection\romanToIntegerLC13\romanToInteger.js">
      <metrics statements="29" coveredstatements="29" conditionals="22" coveredconditionals="22" methods="1" coveredmethods="1"/>
      <line num="3" count="10" type="stmt"/>
      <line num="5" count="10" type="stmt"/>
      <line num="7" count="10" type="cond" truecount="2" falsecount="0"/>
      <line num="8" count="1" type="stmt"/>
      <line num="11" count="9" type="stmt"/>
      <line num="12" count="67" type="cond" truecount="8" falsecount="0"/>
      <line num="14" count="11" type="cond" truecount="4" falsecount="0"/>
      <line num="15" count="3" type="stmt"/>
      <line num="17" count="8" type="stmt"/>
      <line num="19" count="11" type="stmt"/>
      <line num="21" count="13" type="cond" truecount="4" falsecount="0"/>
      <line num="22" count="1" type="stmt"/>
      <line num="24" count="12" type="stmt"/>
      <line num="26" count="13" type="stmt"/>
      <line num="28" count="5" type="cond" truecount="4" falsecount="0"/>
      <line num="29" count="2" type="stmt"/>
      <line num="31" count="3" type="stmt"/>
      <line num="33" count="5" type="stmt"/>
      <line num="35" count="2" type="stmt"/>
      <line num="36" count="2" type="stmt"/>
      <line num="38" count="1" type="stmt"/>
      <line num="39" count="1" type="stmt"/>
      <line num="41" count="2" type="stmt"/>
      <line num="42" count="2" type="stmt"/>
      <line num="44" count="8" type="stmt"/>
      <line num="45" count="8" type="stmt"/>
      <line num="47" count="25" type="stmt"/>
      <line num="48" count="25" type="stmt"/>
      <line num="51" count="9" type="stmt"/>
    </file>
  </project>
</coverage>
