{"C:\\Users\\alexa\\Desktop\\codeAndcollection\\codeAndTestCollection\\romanToIntegerLC13\\romanToInteger.js": {"path":"C:\\Users\\alexa\\Desktop\\codeAndcollection\\codeAndTestCollection\\romanToIntegerLC13\\romanToInteger.js","statementMap":{"0":{"start":{"line":3,"column":14},"end":{"line":3,"column":15}},"1":{"start":{"line":5,"column":17},"end":{"line":5,"column":18}},"2":{"start":{"line":7,"column":4},"end":{"line":9,"column":5}},"3":{"start":{"line":8,"column":8},"end":{"line":8,"column":18}},"4":{"start":{"line":11,"column":4},"end":{"line":50,"column":5}},"5":{"start":{"line":11,"column":17},"end":{"line":11,"column":18}},"6":{"start":{"line":12,"column":8},"end":{"line":49,"column":9}},"7":{"start":{"line":14,"column":16},"end":{"line":18,"column":17}},"8":{"start":{"line":15,"column":20},"end":{"line":15,"column":29}},"9":{"start":{"line":17,"column":20},"end":{"line":17,"column":29}},"10":{"start":{"line":19,"column":16},"end":{"line":19,"column":22}},"11":{"start":{"line":21,"column":16},"end":{"line":25,"column":17}},"12":{"start":{"line":22,"column":20},"end":{"line":22,"column":33}},"13":{"start":{"line":24,"column":20},"end":{"line":24,"column":33}},"14":{"start":{"line":26,"column":16},"end":{"line":26,"column":22}},"15":{"start":{"line":28,"column":16},"end":{"line":32,"column":17}},"16":{"start":{"line":29,"column":20},"end":{"line":29,"column":34}},"17":{"start":{"line":31,"column":20},"end":{"line":31,"column":34}},"18":{"start":{"line":33,"column":16},"end":{"line":33,"column":22}},"19":{"start":{"line":35,"column":16},"end":{"line":35,"column":28}},"20":{"start":{"line":36,"column":16},"end":{"line":36,"column":22}},"21":{"start":{"line":38,"column":16},"end":{"line":38,"column":29}},"22":{"start":{"line":39,"column":16},"end":{"line":39,"column":22}},"23":{"start":{"line":41,"column":16},"end":{"line":41,"column":30}},"24":{"start":{"line":42,"column":16},"end":{"line":42,"column":22}},"25":{"start":{"line":44,"column":16},"end":{"line":44,"column":31}},"26":{"start":{"line":45,"column":16},"end":{"line":45,"column":22}},"27":{"start":{"line":47,"column":16},"end":{"line":47,"column":57}},"28":{"start":{"line":48,"column":16},"end":{"line":48,"column":22}},"29":{"start":{"line":51,"column":4},"end":{"line":51,"column":18}}},"fnMap":{"0":{"name":"romanToInteger","decl":{"start":{"line":1,"column":16},"end":{"line":1,"column":30}},"loc":{"start":{"line":1,"column":34},"end":{"line":52,"column":1}},"line":1}},"branchMap":{"0":{"loc":{"start":{"line":7,"column":4},"end":{"line":9,"column":5}},"type":"if","locations":[{"start":{"line":7,"column":4},"end":{"line":9,"column":5}},{"start":{},"end":{}}],"line":7},"1":{"loc":{"start":{"line":12,"column":8},"end":{"line":49,"column":9}},"type":"switch","locations":[{"start":{"line":13,"column":12},"end":{"line":19,"column":22}},{"start":{"line":20,"column":12},"end":{"line":26,"column":22}},{"start":{"line":27,"column":12},"end":{"line":33,"column":22}},{"start":{"line":34,"column":12},"end":{"line":36,"column":22}},{"start":{"line":37,"column":12},"end":{"line":39,"column":22}},{"start":{"line":40,"column":12},"end":{"line":42,"column":22}},{"start":{"line":43,"column":12},"end":{"line":45,"column":22}},{"start":{"line":46,"column":12},"end":{"line":48,"column":22}}],"line":12},"2":{"loc":{"start":{"line":14,"column":16},"end":{"line":18,"column":17}},"type":"if","locations":[{"start":{"line":14,"column":16},"end":{"line":18,"column":17}},{"start":{"line":16,"column":23},"end":{"line":18,"column":17}}],"line":14},"3":{"loc":{"start":{"line":14,"column":20},"end":{"line":14,"column":74}},"type":"binary-expr","locations":[{"start":{"line":14,"column":21},"end":{"line":14,"column":44}},{"start":{"line":14,"column":50},"end":{"line":14,"column":73}}],"line":14},"4":{"loc":{"start":{"line":21,"column":16},"end":{"line":25,"column":17}},"type":"if","locations":[{"start":{"line":21,"column":16},"end":{"line":25,"column":17}},{"start":{"line":23,"column":23},"end":{"line":25,"column":17}}],"line":21},"5":{"loc":{"start":{"line":21,"column":20},"end":{"line":21,"column":74}},"type":"binary-expr","locations":[{"start":{"line":21,"column":21},"end":{"line":21,"column":44}},{"start":{"line":21,"column":50},"end":{"line":21,"column":73}}],"line":21},"6":{"loc":{"start":{"line":28,"column":16},"end":{"line":32,"column":17}},"type":"if","locations":[{"start":{"line":28,"column":16},"end":{"line":32,"column":17}},{"start":{"line":30,"column":23},"end":{"line":32,"column":17}}],"line":28},"7":{"loc":{"start":{"line":28,"column":20},"end":{"line":28,"column":74}},"type":"binary-expr","locations":[{"start":{"line":28,"column":21},"end":{"line":28,"column":44}},{"start":{"line":28,"column":50},"end":{"line":28,"column":73}}],"line":28}},"s":{"0":10,"1":10,"2":10,"3":1,"4":9,"5":9,"6":67,"7":11,"8":3,"9":8,"10":11,"11":13,"12":1,"13":12,"14":13,"15":5,"16":2,"17":3,"18":5,"19":2,"20":2,"21":1,"22":1,"23":2,"24":2,"25":8,"26":8,"27":25,"28":25,"29":9},"f":{"0":10},"b":{"0":[1,9],"1":[11,13,5,2,1,2,8,25],"2":[3,8],"3":[11,10],"4":[1,12],"5":[13,13],"6":[2,3],"7":[5,4]},"_coverageSchema":"1a1c01bbd47fc00a2c39e90264f33305004495a9","hash":"e61533a5610743fd4f6ffdbd7f99238eb77c65e7"}
}
