TN:
SF:romanToInteger.js
FN:1,romanToInteger
FNF:1
FNH:1
FNDA:10,romanToInteger
DA:3,10
DA:5,10
DA:7,10
DA:8,1
DA:11,9
DA:12,67
DA:14,11
DA:15,3
DA:17,8
DA:19,11
DA:21,13
DA:22,1
DA:24,12
DA:26,13
DA:28,5
DA:29,2
DA:31,3
DA:33,5
DA:35,2
DA:36,2
DA:38,1
DA:39,1
DA:41,2
DA:42,2
DA:44,8
DA:45,8
DA:47,25
DA:48,25
DA:51,9
LF:29
LH:29
BRDA:7,0,0,1
BRDA:7,0,1,9
BRDA:12,1,0,11
BRDA:12,1,1,13
BRDA:12,1,2,5
BRDA:12,1,3,2
BRDA:12,1,4,1
BRDA:12,1,5,2
BRDA:12,1,6,8
BRDA:12,1,7,25
BRDA:14,2,0,3
BRDA:14,2,1,8
BRDA:14,3,0,11
BRDA:14,3,1,10
BRDA:21,4,0,1
BRDA:21,4,1,12
BRDA:21,5,0,13
BRDA:21,5,1,13
BRDA:28,6,0,2
BRDA:28,6,1,3
BRDA:28,7,0,5
BRDA:28,7,1,4
BRF:22
BRH:22
end_of_record
