<?xml version="1.0" encoding="UTF-8"?>
<coverage generated="1690288065809" clover="3.2.0">
  <project timestamp="1690288065809" name="All files">
    <metrics statements="8" coveredstatements="8" conditionals="4" coveredconditionals="4" methods="1" coveredmethods="1" elements="13" coveredelements="13" complexity="0" loc="8" ncloc="8" packages="1" files="1" classes="1"/>
    <file name="singleNumberLCRev1.js" path="C:\Users\alexa\Desktop\codeAndcollection\codeAndTestCollection\singleNumberLC136Rev1\singleNumberLCRev1.js">
      <metrics statements="8" coveredstatements="8" conditionals="4" coveredconditionals="4" methods="1" coveredmethods="1"/>
      <line num="2" count="9" type="stmt"/>
      <line num="3" count="9" type="stmt"/>
      <line num="4" count="49" type="cond" truecount="2" falsecount="0"/>
      <line num="5" count="29" type="stmt"/>
      <line num="7" count="20" type="stmt"/>
      <line num="11" count="9" type="stmt"/>
      <line num="12" count="29" type="cond" truecount="2" falsecount="0"/>
      <line num="13" count="9" type="stmt"/>
    </file>
  </project>
</coverage>
