{"C:\\Users\\alexa\\Desktop\\codeAndcollection\\codeAndTestCollection\\twoSumsLC1\\twoSumLC1.js": {"path":"C:\\Users\\alexa\\Desktop\\codeAndcollection\\codeAndTestCollection\\twoSumsLC1\\twoSumLC1.js","statementMap":{"0":{"start":{"line":3,"column":4},"end":{"line":9,"column":5}},"1":{"start":{"line":3,"column":17},"end":{"line":3,"column":18}},"2":{"start":{"line":4,"column":8},"end":{"line":8,"column":9}},"3":{"start":{"line":4,"column":21},"end":{"line":4,"column":26}},"4":{"start":{"line":5,"column":12},"end":{"line":7,"column":13}},"5":{"start":{"line":6,"column":16},"end":{"line":6,"column":29}},"6":{"start":{"line":10,"column":4},"end":{"line":10,"column":13}}},"fnMap":{"0":{"name":"twoSums","decl":{"start":{"line":1,"column":16},"end":{"line":1,"column":23}},"loc":{"start":{"line":1,"column":38},"end":{"line":11,"column":1}},"line":1}},"branchMap":{"0":{"loc":{"start":{"line":5,"column":12},"end":{"line":7,"column":13}},"type":"if","locations":[{"start":{"line":5,"column":12},"end":{"line":7,"column":13}},{"start":{},"end":{}}],"line":5}},"s":{"0":8,"1":8,"2":27,"3":27,"4":139,"5":7,"6":1},"f":{"0":8},"b":{"0":[7,132]},"_coverageSchema":"1a1c01bbd47fc00a2c39e90264f33305004495a9","hash":"87c11dac3f6d918a667e78e9f670f86a618b4d2f"}
}
