{"C:\\Users\\alexa\\Desktop\\codeAndcollection\\codeAndTestCollection\\containsDuplicateIILC219\\containsDuplicate.js": {"path":"C:\\Users\\alexa\\Desktop\\codeAndcollection\\codeAndTestCollection\\containsDuplicateIILC219\\containsDuplicate.js","statementMap":{"0":{"start":{"line":2,"column":4},"end":{"line":10,"column":5}},"1":{"start":{"line":2,"column":17},"end":{"line":2,"column":18}},"2":{"start":{"line":3,"column":16},"end":{"line":3,"column":31}},"3":{"start":{"line":4,"column":8},"end":{"line":9,"column":9}},"4":{"start":{"line":5,"column":12},"end":{"line":7,"column":13}},"5":{"start":{"line":6,"column":16},"end":{"line":6,"column":28}},"6":{"start":{"line":8,"column":12},"end":{"line":8,"column":16}},"7":{"start":{"line":11,"column":4},"end":{"line":11,"column":16}}},"fnMap":{"0":{"name":"containsNearbyDuplicate","decl":{"start":{"line":1,"column":16},"end":{"line":1,"column":39}},"loc":{"start":{"line":1,"column":49},"end":{"line":12,"column":1}},"line":1}},"branchMap":{"0":{"loc":{"start":{"line":5,"column":12},"end":{"line":7,"column":13}},"type":"if","locations":[{"start":{"line":5,"column":12},"end":{"line":7,"column":13}},{"start":{},"end":{}}],"line":5},"1":{"loc":{"start":{"line":5,"column":16},"end":{"line":5,"column":58}},"type":"binary-expr","locations":[{"start":{"line":5,"column":16},"end":{"line":5,"column":34}},{"start":{"line":5,"column":38},"end":{"line":5,"column":58}}],"line":5}},"s":{"0":6,"1":6,"2":25,"3":25,"4":58,"5":2,"6":56,"7":4},"f":{"0":6},"b":{"0":[2,56],"1":[58,9]},"_coverageSchema":"1a1c01bbd47fc00a2c39e90264f33305004495a9","hash":"9058e84aa966064448e73e4f35ef2f063561437c"}
}
