<?xml version="1.0" encoding="UTF-8"?>
<coverage generated="1688043288392" clover="3.2.0">
  <project timestamp="1688043288392" name="All files">
    <metrics statements="16" coveredstatements="16" conditionals="11" coveredconditionals="11" methods="1" coveredmethods="1" elements="28" coveredelements="28" complexity="0" loc="16" ncloc="16" packages="1" files="1" classes="1"/>
    <file name="validateParentheses.js" path="C:\Users\Alexa Ngo\OneDrive\RANLabs\Alexa_Code\learn_javascript\practice-javascript\old-programs\learn-javascript2\validateParenLC20\validateParentheses.js">
      <metrics statements="16" coveredstatements="16" conditionals="11" coveredconditionals="11" methods="1" coveredmethods="1"/>
      <line num="2" count="9" type="stmt"/>
      <line num="3" count="9" type="stmt"/>
      <line num="5" count="9" type="cond" truecount="4" falsecount="0"/>
      <line num="6" count="4" type="stmt"/>
      <line num="9" count="5" type="stmt"/>
      <line num="10" count="5" type="stmt"/>
      <line num="11" count="5" type="stmt"/>
      <line num="12" count="5" type="stmt"/>
      <line num="14" count="5" type="stmt"/>
      <line num="15" count="20" type="stmt"/>
      <line num="16" count="20" type="cond" truecount="5" falsecount="0"/>
      <line num="17" count="10" type="stmt"/>
      <line num="18" count="10" type="cond" truecount="2" falsecount="0"/>
      <line num="19" count="9" type="stmt"/>
      <line num="21" count="1" type="stmt"/>
      <line num="24" count="4" type="stmt"/>
    </file>
  </project>
</coverage>
