{"C:\\Users\\Alexa Ngo\\OneDrive\\RANLabs\\Alexa_Code\\learn_javascript\\practice-javascript\\old-programs\\learn-javascript2\\validateParenLC20\\validateParentheses.js": {"path":"C:\\Users\\Alexa Ngo\\OneDrive\\RANLabs\\Alexa_Code\\learn_javascript\\practice-javascript\\old-programs\\learn-javascript2\\validateParenLC20\\validateParentheses.js","statementMap":{"0":{"start":{"line":2,"column":12},"end":{"line":2,"column":13}},"1":{"start":{"line":3,"column":16},"end":{"line":3,"column":18}},"2":{"start":{"line":5,"column":2},"end":{"line":7,"column":3}},"3":{"start":{"line":6,"column":4},"end":{"line":6,"column":17}},"4":{"start":{"line":9,"column":14},"end":{"line":9,"column":23}},"5":{"start":{"line":10,"column":2},"end":{"line":10,"column":20}},"6":{"start":{"line":11,"column":2},"end":{"line":11,"column":20}},"7":{"start":{"line":12,"column":2},"end":{"line":12,"column":20}},"8":{"start":{"line":14,"column":2},"end":{"line":23,"column":3}},"9":{"start":{"line":14,"column":15},"end":{"line":14,"column":16}},"10":{"start":{"line":15,"column":24},"end":{"line":15,"column":35}},"11":{"start":{"line":16,"column":4},"end":{"line":22,"column":5}},"12":{"start":{"line":17,"column":6},"end":{"line":17,"column":30}},"13":{"start":{"line":18,"column":11},"end":{"line":22,"column":5}},"14":{"start":{"line":19,"column":6},"end":{"line":19,"column":18}},"15":{"start":{"line":21,"column":6},"end":{"line":21,"column":19}},"16":{"start":{"line":24,"column":2},"end":{"line":24,"column":28}}},"fnMap":{"0":{"name":"validateParentheses","decl":{"start":{"line":1,"column":16},"end":{"line":1,"column":35}},"loc":{"start":{"line":1,"column":39},"end":{"line":25,"column":1}},"line":1}},"branchMap":{"0":{"loc":{"start":{"line":5,"column":2},"end":{"line":7,"column":3}},"type":"if","locations":[{"start":{"line":5,"column":2},"end":{"line":7,"column":3}},{"start":{},"end":{}}],"line":5},"1":{"loc":{"start":{"line":5,"column":6},"end":{"line":5,"column":40}},"type":"binary-expr","locations":[{"start":{"line":5,"column":6},"end":{"line":5,"column":19}},{"start":{"line":5,"column":23},"end":{"line":5,"column":40}}],"line":5},"2":{"loc":{"start":{"line":16,"column":4},"end":{"line":22,"column":5}},"type":"if","locations":[{"start":{"line":16,"column":4},"end":{"line":22,"column":5}},{"start":{"line":18,"column":11},"end":{"line":22,"column":5}}],"line":16},"3":{"loc":{"start":{"line":16,"column":8},"end":{"line":16,"column":73}},"type":"binary-expr","locations":[{"start":{"line":16,"column":8},"end":{"line":16,"column":27}},{"start":{"line":16,"column":31},"end":{"line":16,"column":50}},{"start":{"line":16,"column":54},"end":{"line":16,"column":73}}],"line":16},"4":{"loc":{"start":{"line":18,"column":11},"end":{"line":22,"column":5}},"type":"if","locations":[{"start":{"line":18,"column":11},"end":{"line":22,"column":5}},{"start":{"line":20,"column":11},"end":{"line":22,"column":5}}],"line":18}},"s":{"0":9,"1":9,"2":9,"3":4,"4":5,"5":5,"6":5,"7":5,"8":5,"9":5,"10":20,"11":20,"12":10,"13":10,"14":9,"15":1,"16":4},"f":{"0":9},"b":{"0":[4,5],"1":[9,8],"2":[10,10],"3":[20,16,12],"4":[9,1]},"_coverageSchema":"1a1c01bbd47fc00a2c39e90264f33305004495a9","hash":"301690497382d8617a6e1cb22e0d3cd1c1110daa"}
}
