{"C:\\Users\\alexa\\Desktop\\codeAndcollection\\codeAndTestCollection\\howManyNumbersAreSmallerLC1365\\howManyNumbersAreSmallerLC1365.js": {"path":"C:\\Users\\alexa\\Desktop\\codeAndcollection\\codeAndTestCollection\\howManyNumbersAreSmallerLC1365\\howManyNumbersAreSmallerLC1365.js","statementMap":{"0":{"start":{"line":3,"column":19},"end":{"line":3,"column":21}},"1":{"start":{"line":4,"column":4},"end":{"line":12,"column":5}},"2":{"start":{"line":4,"column":17},"end":{"line":4,"column":18}},"3":{"start":{"line":5,"column":20},"end":{"line":5,"column":21}},"4":{"start":{"line":6,"column":8},"end":{"line":10,"column":9}},"5":{"start":{"line":6,"column":21},"end":{"line":6,"column":22}},"6":{"start":{"line":7,"column":12},"end":{"line":9,"column":13}},"7":{"start":{"line":8,"column":16},"end":{"line":8,"column":26}},"8":{"start":{"line":11,"column":8},"end":{"line":11,"column":26}},"9":{"start":{"line":13,"column":4},"end":{"line":13,"column":18}}},"fnMap":{"0":{"name":"howManyNums","decl":{"start":{"line":1,"column":16},"end":{"line":1,"column":27}},"loc":{"start":{"line":1,"column":34},"end":{"line":14,"column":1}},"line":1}},"branchMap":{"0":{"loc":{"start":{"line":7,"column":12},"end":{"line":9,"column":13}},"type":"if","locations":[{"start":{"line":7,"column":12},"end":{"line":9,"column":13}},{"start":{},"end":{}}],"line":7},"1":{"loc":{"start":{"line":7,"column":16},"end":{"line":7,"column":45}},"type":"binary-expr","locations":[{"start":{"line":7,"column":17},"end":{"line":7,"column":34}},{"start":{"line":7,"column":39},"end":{"line":7,"column":45}}],"line":7}},"s":{"0":5,"1":5,"2":5,"3":24,"4":24,"5":24,"6":118,"7":39,"8":24,"9":5},"f":{"0":5},"b":{"0":[39,79],"1":[118,39]},"_coverageSchema":"1a1c01bbd47fc00a2c39e90264f33305004495a9","hash":"c6d83512e122d78546d704afe861797b74cda59e"}
}
