<?xml version="1.0" encoding="UTF-8"?>
<coverage generated="1691165890724" clover="3.2.0">
  <project timestamp="1691165890724" name="All files">
    <metrics statements="10" coveredstatements="10" conditionals="0" coveredconditionals="0" methods="1" coveredmethods="1" elements="11" coveredelements="11" complexity="0" loc="10" ncloc="10" packages="1" files="1" classes="1"/>
    <file name="singleRowKeyboard.js" path="C:\Users\alexa\Desktop\codeAndcollection\codeAndTestCollection\singleRowKeyboardLC1165\singleRowKeyboard.js">
      <metrics statements="10" coveredstatements="10" conditionals="0" coveredconditionals="0" methods="1" coveredmethods="1"/>
      <line num="3" count="6" type="stmt"/>
      <line num="5" count="6" type="stmt"/>
      <line num="6" count="156" type="stmt"/>
      <line num="9" count="6" type="stmt"/>
      <line num="10" count="6" type="stmt"/>
      <line num="12" count="6" type="stmt"/>
      <line num="13" count="42" type="stmt"/>
      <line num="14" count="42" type="stmt"/>
      <line num="15" count="42" type="stmt"/>
      <line num="17" count="6" type="stmt"/>
    </file>
  </project>
</coverage>
