{"C:\\Users\\alexa\\Desktop\\codeAndcollection\\codeAndTestCollection\\singleRowKeyboardLC1165\\singleRowKeyboard.js": {"path":"C:\\Users\\alexa\\Desktop\\codeAndcollection\\codeAndTestCollection\\singleRowKeyboardLC1165\\singleRowKeyboard.js","statementMap":{"0":{"start":{"line":3,"column":16},"end":{"line":3,"column":25}},"1":{"start":{"line":5,"column":4},"end":{"line":7,"column":5}},"2":{"start":{"line":5,"column":17},"end":{"line":5,"column":18}},"3":{"start":{"line":6,"column":8},"end":{"line":6,"column":38}},"4":{"start":{"line":9,"column":20},"end":{"line":9,"column":21}},"5":{"start":{"line":10,"column":20},"end":{"line":10,"column":21}},"6":{"start":{"line":12,"column":4},"end":{"line":16,"column":5}},"7":{"start":{"line":13,"column":20},"end":{"line":13,"column":30}},"8":{"start":{"line":14,"column":8},"end":{"line":14,"column":46}},"9":{"start":{"line":15,"column":8},"end":{"line":15,"column":23}},"10":{"start":{"line":17,"column":4},"end":{"line":17,"column":20}}},"fnMap":{"0":{"name":"singleRowKeyboard","decl":{"start":{"line":1,"column":16},"end":{"line":1,"column":33}},"loc":{"start":{"line":1,"column":50},"end":{"line":18,"column":1}},"line":1}},"branchMap":{},"s":{"0":6,"1":6,"2":6,"3":156,"4":6,"5":6,"6":6,"7":42,"8":42,"9":42,"10":6},"f":{"0":6},"b":{},"_coverageSchema":"1a1c01bbd47fc00a2c39e90264f33305004495a9","hash":"9ead6f60507a2789161a28f971dfeeae960818d8"}
}
