<?xml version="1.0" encoding="UTF-8"?>
<coverage generated="1690030450042" clover="3.2.0">
  <project timestamp="1690030450042" name="All files">
    <metrics statements="24" coveredstatements="24" conditionals="4" coveredconditionals="4" methods="10" coveredmethods="10" elements="38" coveredelements="38" complexity="0" loc="24" ncloc="24" packages="1" files="1" classes="1"/>
    <file name="implementStackUsingQueuesLC225rev1.js" path="C:\Users\alexa\Desktop\codeAndcollection\codeAndTestCollection\implementStackUsingQueuesLC225rev1\implementStackUsingQueuesLC225rev1.js">
      <metrics statements="24" coveredstatements="24" conditionals="4" coveredconditionals="4" methods="10" coveredmethods="10"/>
      <line num="4" count="13" type="stmt"/>
      <line num="5" count="13" type="stmt"/>
      <line num="9" count="76" type="stmt"/>
      <line num="10" count="30" type="stmt"/>
      <line num="11" count="30" type="stmt"/>
      <line num="16" count="53" type="stmt"/>
      <line num="17" count="53" type="stmt"/>
      <line num="21" count="2" type="cond" truecount="2" falsecount="0"/>
      <line num="26" count="1" type="stmt"/>
      <line num="27" count="1" type="stmt"/>
      <line num="28" count="1" type="stmt"/>
      <line num="34" count="23" type="stmt"/>
      <line num="35" count="23" type="stmt"/>
      <line num="36" count="23" type="stmt"/>
      <line num="37" count="74" type="stmt"/>
      <line num="38" count="74" type="cond" truecount="2" falsecount="0"/>
      <line num="39" count="23" type="stmt"/>
      <line num="41" count="51" type="stmt"/>
      <line num="43" count="23" type="stmt"/>
      <line num="63" count="33" type="stmt"/>
      <line num="67" count="163" type="stmt"/>
      <line num="71" count="121" type="stmt"/>
      <line num="72" count="121" type="stmt"/>
      <line num="76" count="260" type="stmt"/>
    </file>
  </project>
</coverage>
