<?xml version="1.0" encoding="UTF-8"?>
<coverage generated="1689963944788" clover="3.2.0">
  <project timestamp="1689963944788" name="All files">
    <metrics statements="25" coveredstatements="25" conditionals="2" coveredconditionals="2" methods="10" coveredmethods="10" elements="37" coveredelements="37" complexity="0" loc="25" ncloc="25" packages="1" files="1" classes="1"/>
    <file name="implementStackUsingQueuesLC225rev1.js" path="C:\Users\alexa\Desktop\codeAndcollection\codeAndTestCollection\implementStackUsingQueuesLC225rev1\implementStackUsingQueuesLC225rev1.js">
      <metrics statements="25" coveredstatements="25" conditionals="2" coveredconditionals="2" methods="10" coveredmethods="10"/>
      <line num="4" count="31" type="stmt"/>
      <line num="8" count="394" type="stmt"/>
      <line num="12" count="354" type="stmt"/>
      <line num="13" count="354" type="stmt"/>
      <line num="17" count="479" type="stmt"/>
      <line num="25" count="12" type="stmt"/>
      <line num="26" count="12" type="stmt"/>
      <line num="30" count="68" type="stmt"/>
      <line num="31" count="112" type="stmt"/>
      <line num="32" count="112" type="stmt"/>
      <line num="34" count="68" type="stmt"/>
      <line num="35" count="139" type="stmt"/>
      <line num="36" count="139" type="stmt"/>
      <line num="41" count="48" type="stmt"/>
      <line num="42" count="48" type="stmt"/>
      <line num="46" count="2" type="cond" truecount="2" falsecount="0"/>
      <line num="51" count="1" type="stmt"/>
      <line num="52" count="1" type="stmt"/>
      <line num="53" count="1" type="stmt"/>
      <line num="57" count="20" type="stmt"/>
      <line num="58" count="20" type="stmt"/>
      <line num="59" count="66" type="stmt"/>
      <line num="60" count="66" type="stmt"/>
      <line num="62" count="20" type="stmt"/>
      <line num="63" count="20" type="stmt"/>
    </file>
  </project>
</coverage>
