{"C:\\Users\\alexa\\Desktop\\codeAndcollection\\codeAndTestCollection\\implementStackUsingQueuesLC225rev1\\implementStackUsingQueuesLC225rev1.js": {"path":"C:\\Users\\alexa\\Desktop\\codeAndcollection\\codeAndTestCollection\\implementStackUsingQueuesLC225rev1\\implementStackUsingQueuesLC225rev1.js","statementMap":{"0":{"start":{"line":4,"column":8},"end":{"line":4,"column":24}},"1":{"start":{"line":8,"column":8},"end":{"line":8,"column":30}},"2":{"start":{"line":12,"column":28},"end":{"line":12,"column":46}},"3":{"start":{"line":13,"column":8},"end":{"line":13,"column":27}},"4":{"start":{"line":17,"column":8},"end":{"line":17,"column":39}},"5":{"start":{"line":25,"column":8},"end":{"line":25,"column":34}},"6":{"start":{"line":26,"column":8},"end":{"line":26,"column":34}},"7":{"start":{"line":30,"column":8},"end":{"line":33,"column":9}},"8":{"start":{"line":31,"column":29},"end":{"line":31,"column":50}},"9":{"start":{"line":32,"column":12},"end":{"line":32,"column":41}},"10":{"start":{"line":34,"column":8},"end":{"line":37,"column":9}},"11":{"start":{"line":35,"column":30},"end":{"line":35,"column":51}},"12":{"start":{"line":36,"column":12},"end":{"line":36,"column":42}},"13":{"start":{"line":41,"column":8},"end":{"line":41,"column":21}},"14":{"start":{"line":42,"column":8},"end":{"line":42,"column":34}},"15":{"start":{"line":46,"column":8},"end":{"line":46,"column":64}},"16":{"start":{"line":51,"column":24},"end":{"line":51,"column":34}},"17":{"start":{"line":52,"column":8},"end":{"line":52,"column":37}},"18":{"start":{"line":53,"column":8},"end":{"line":53,"column":23}},"19":{"start":{"line":57,"column":8},"end":{"line":57,"column":21}},"20":{"start":{"line":58,"column":8},"end":{"line":61,"column":9}},"21":{"start":{"line":59,"column":29},"end":{"line":59,"column":50}},"22":{"start":{"line":60,"column":12},"end":{"line":60,"column":42}},"23":{"start":{"line":62,"column":21},"end":{"line":62,"column":42}},"24":{"start":{"line":63,"column":8},"end":{"line":63,"column":20}}},"fnMap":{"0":{"name":"(anonymous_0)","decl":{"start":{"line":3,"column":4},"end":{"line":3,"column":5}},"loc":{"start":{"line":3,"column":18},"end":{"line":5,"column":5}},"line":3},"1":{"name":"(anonymous_1)","decl":{"start":{"line":7,"column":4},"end":{"line":7,"column":5}},"loc":{"start":{"line":7,"column":18},"end":{"line":9,"column":5}},"line":7},"2":{"name":"(anonymous_2)","decl":{"start":{"line":11,"column":4},"end":{"line":11,"column":5}},"loc":{"start":{"line":11,"column":14},"end":{"line":14,"column":5}},"line":11},"3":{"name":"(anonymous_3)","decl":{"start":{"line":16,"column":4},"end":{"line":16,"column":5}},"loc":{"start":{"line":16,"column":14},"end":{"line":18,"column":5}},"line":16},"4":{"name":"(anonymous_4)","decl":{"start":{"line":24,"column":4},"end":{"line":24,"column":5}},"loc":{"start":{"line":24,"column":18},"end":{"line":27,"column":5}},"line":24},"5":{"name":"(anonymous_5)","decl":{"start":{"line":29,"column":4},"end":{"line":29,"column":5}},"loc":{"start":{"line":29,"column":12},"end":{"line":38,"column":5}},"line":29},"6":{"name":"(anonymous_6)","decl":{"start":{"line":40,"column":4},"end":{"line":40,"column":5}},"loc":{"start":{"line":40,"column":15},"end":{"line":43,"column":5}},"line":40},"7":{"name":"(anonymous_7)","decl":{"start":{"line":45,"column":4},"end":{"line":45,"column":5}},"loc":{"start":{"line":45,"column":12},"end":{"line":47,"column":5}},"line":45},"8":{"name":"(anonymous_8)","decl":{"start":{"line":50,"column":4},"end":{"line":50,"column":5}},"loc":{"start":{"line":50,"column":10},"end":{"line":54,"column":5}},"line":50},"9":{"name":"(anonymous_9)","decl":{"start":{"line":56,"column":4},"end":{"line":56,"column":5}},"loc":{"start":{"line":56,"column":10},"end":{"line":64,"column":5}},"line":56}},"branchMap":{"0":{"loc":{"start":{"line":46,"column":16},"end":{"line":46,"column":62}},"type":"binary-expr","locations":[{"start":{"line":46,"column":16},"end":{"line":46,"column":37}},{"start":{"line":46,"column":41},"end":{"line":46,"column":62}}],"line":46}},"s":{"0":31,"1":394,"2":354,"3":354,"4":479,"5":12,"6":12,"7":68,"8":112,"9":112,"10":68,"11":139,"12":139,"13":48,"14":48,"15":2,"16":1,"17":1,"18":1,"19":20,"20":20,"21":66,"22":66,"23":20,"24":20},"f":{"0":31,"1":394,"2":354,"3":479,"4":12,"5":68,"6":48,"7":2,"8":1,"9":20},"b":{"0":[2,2]},"_coverageSchema":"1a1c01bbd47fc00a2c39e90264f33305004495a9","hash":"a9d571747e8430a5702a7c19814933e6b7631314"}
}
