{"C:\\Users\\alexa\\Desktop\\codeAndcollection\\codeAndTestCollection\\implementStackUsingQueuesLC225rev1\\implementStackUsingQueuesLC225rev1.js": {"path":"C:\\Users\\alexa\\Desktop\\codeAndcollection\\codeAndTestCollection\\implementStackUsingQueuesLC225rev1\\implementStackUsingQueuesLC225rev1.js","statementMap":{"0":{"start":{"line":4,"column":8},"end":{"line":4,"column":34}},"1":{"start":{"line":5,"column":8},"end":{"line":5,"column":34}},"2":{"start":{"line":9,"column":8},"end":{"line":12,"column":9}},"3":{"start":{"line":10,"column":30},"end":{"line":10,"column":51}},"4":{"start":{"line":11,"column":12},"end":{"line":11,"column":42}},"5":{"start":{"line":16,"column":8},"end":{"line":16,"column":21}},"6":{"start":{"line":17,"column":8},"end":{"line":17,"column":34}},"7":{"start":{"line":21,"column":8},"end":{"line":21,"column":64}},"8":{"start":{"line":26,"column":24},"end":{"line":26,"column":34}},"9":{"start":{"line":27,"column":8},"end":{"line":27,"column":37}},"10":{"start":{"line":28,"column":8},"end":{"line":28,"column":23}},"11":{"start":{"line":34,"column":8},"end":{"line":34,"column":21}},"12":{"start":{"line":35,"column":21},"end":{"line":35,"column":22}},"13":{"start":{"line":36,"column":8},"end":{"line":42,"column":9}},"14":{"start":{"line":37,"column":12},"end":{"line":37,"column":43}},"15":{"start":{"line":38,"column":12},"end":{"line":40,"column":13}},"16":{"start":{"line":39,"column":16},"end":{"line":39,"column":22}},"17":{"start":{"line":41,"column":12},"end":{"line":41,"column":39}},"18":{"start":{"line":43,"column":8},"end":{"line":43,"column":22}},"19":{"start":{"line":63,"column":8},"end":{"line":63,"column":24}},"20":{"start":{"line":67,"column":8},"end":{"line":67,"column":30}},"21":{"start":{"line":71,"column":28},"end":{"line":71,"column":46}},"22":{"start":{"line":72,"column":8},"end":{"line":72,"column":27}},"23":{"start":{"line":76,"column":8},"end":{"line":76,"column":39}}},"fnMap":{"0":{"name":"(anonymous_0)","decl":{"start":{"line":3,"column":4},"end":{"line":3,"column":5}},"loc":{"start":{"line":3,"column":18},"end":{"line":6,"column":5}},"line":3},"1":{"name":"(anonymous_1)","decl":{"start":{"line":8,"column":4},"end":{"line":8,"column":5}},"loc":{"start":{"line":8,"column":12},"end":{"line":13,"column":5}},"line":8},"2":{"name":"(anonymous_2)","decl":{"start":{"line":15,"column":4},"end":{"line":15,"column":5}},"loc":{"start":{"line":15,"column":15},"end":{"line":18,"column":5}},"line":15},"3":{"name":"(anonymous_3)","decl":{"start":{"line":20,"column":4},"end":{"line":20,"column":5}},"loc":{"start":{"line":20,"column":12},"end":{"line":22,"column":5}},"line":20},"4":{"name":"(anonymous_4)","decl":{"start":{"line":25,"column":4},"end":{"line":25,"column":5}},"loc":{"start":{"line":25,"column":10},"end":{"line":29,"column":5}},"line":25},"5":{"name":"(anonymous_5)","decl":{"start":{"line":33,"column":4},"end":{"line":33,"column":5}},"loc":{"start":{"line":33,"column":10},"end":{"line":44,"column":5}},"line":33},"6":{"name":"(anonymous_6)","decl":{"start":{"line":62,"column":4},"end":{"line":62,"column":5}},"loc":{"start":{"line":62,"column":18},"end":{"line":64,"column":5}},"line":62},"7":{"name":"(anonymous_7)","decl":{"start":{"line":66,"column":4},"end":{"line":66,"column":5}},"loc":{"start":{"line":66,"column":18},"end":{"line":68,"column":5}},"line":66},"8":{"name":"(anonymous_8)","decl":{"start":{"line":70,"column":4},"end":{"line":70,"column":5}},"loc":{"start":{"line":70,"column":14},"end":{"line":73,"column":5}},"line":70},"9":{"name":"(anonymous_9)","decl":{"start":{"line":75,"column":4},"end":{"line":75,"column":5}},"loc":{"start":{"line":75,"column":14},"end":{"line":77,"column":5}},"line":75}},"branchMap":{"0":{"loc":{"start":{"line":21,"column":16},"end":{"line":21,"column":62}},"type":"binary-expr","locations":[{"start":{"line":21,"column":16},"end":{"line":21,"column":37}},{"start":{"line":21,"column":41},"end":{"line":21,"column":62}}],"line":21},"1":{"loc":{"start":{"line":38,"column":12},"end":{"line":40,"column":13}},"type":"if","locations":[{"start":{"line":38,"column":12},"end":{"line":40,"column":13}},{"start":{},"end":{}}],"line":38}},"s":{"0":13,"1":13,"2":76,"3":30,"4":30,"5":53,"6":53,"7":2,"8":1,"9":1,"10":1,"11":23,"12":23,"13":23,"14":74,"15":74,"16":23,"17":51,"18":23,"19":33,"20":163,"21":121,"22":121,"23":260},"f":{"0":13,"1":76,"2":53,"3":2,"4":1,"5":23,"6":33,"7":163,"8":121,"9":260},"b":{"0":[2,2],"1":[23,51]},"_coverageSchema":"1a1c01bbd47fc00a2c39e90264f33305004495a9","hash":"8e3e1fd0dd966b1b64b766b2cbde167febc9f8cb"}
}
