TN:
SF:implementStackUsingQueuesLC225rev1.js
FN:3,(anonymous_0)
FN:7,(anonymous_1)
FN:11,(anonymous_2)
FN:16,(anonymous_3)
FN:24,(anonymous_4)
FN:29,(anonymous_5)
FN:40,(anonymous_6)
FN:45,(anonymous_7)
FN:50,(anonymous_8)
FN:56,(anonymous_9)
FNF:10
FNH:10
FNDA:31,(anonymous_0)
FNDA:394,(anonymous_1)
FNDA:354,(anonymous_2)
FNDA:479,(anonymous_3)
FNDA:12,(anonymous_4)
FNDA:68,(anonymous_5)
FNDA:48,(anonymous_6)
FNDA:2,(anonymous_7)
FNDA:1,(anonymous_8)
FNDA:20,(anonymous_9)
DA:4,31
DA:8,394
DA:12,354
DA:13,354
DA:17,479
DA:25,12
DA:26,12
DA:30,68
DA:31,112
DA:32,112
DA:34,68
DA:35,139
DA:36,139
DA:41,48
DA:42,48
DA:46,2
DA:51,1
DA:52,1
DA:53,1
DA:57,20
DA:58,20
DA:59,66
DA:60,66
DA:62,20
DA:63,20
LF:25
LH:25
BRDA:46,0,0,2
BRDA:46,0,1,2
BRF:2
BRH:2
end_of_record
