TN:
SF:implementStackUsingQueuesLC225rev1.js
FN:3,(anonymous_0)
FN:8,(anonymous_1)
FN:15,(anonymous_2)
FN:20,(anonymous_3)
FN:25,(anonymous_4)
FN:33,(anonymous_5)
FN:62,(anonymous_6)
FN:66,(anonymous_7)
FN:70,(anonymous_8)
FN:75,(anonymous_9)
FNF:10
FNH:10
FNDA:13,(anonymous_0)
FNDA:76,(anonymous_1)
FNDA:53,(anonymous_2)
FNDA:2,(anonymous_3)
FNDA:1,(anonymous_4)
FNDA:23,(anonymous_5)
FNDA:33,(anonymous_6)
FNDA:163,(anonymous_7)
FNDA:121,(anonymous_8)
FNDA:260,(anonymous_9)
DA:4,13
DA:5,13
DA:9,76
DA:10,30
DA:11,30
DA:16,53
DA:17,53
DA:21,2
DA:26,1
DA:27,1
DA:28,1
DA:34,23
DA:35,23
DA:36,23
DA:37,74
DA:38,74
DA:39,23
DA:41,51
DA:43,23
DA:63,33
DA:67,163
DA:71,121
DA:72,121
DA:76,260
LF:24
LH:24
BRDA:21,0,0,2
BRDA:21,0,1,2
BRDA:38,1,0,23
BRDA:38,1,1,51
BRF:4
BRH:4
end_of_record
