<?xml version="1.0" encoding="UTF-8"?>
<coverage generated="1688660070891" clover="3.2.0">
  <project timestamp="1688660070892" name="All files">
    <metrics statements="13" coveredstatements="13" conditionals="10" coveredconditionals="10" methods="2" coveredmethods="2" elements="25" coveredelements="25" complexity="0" loc="13" ncloc="13" packages="1" files="1" classes="1"/>
    <file name="firstBadVersionLC278.js" path="C:\Users\alexa\Desktop\codeAndcollection\codeAndTestCollection\firstBadVersionLC278\firstBadVersionLC278.js">
      <metrics statements="13" coveredstatements="13" conditionals="10" coveredconditionals="10" methods="2" coveredmethods="2"/>
      <line num="2" count="5" type="stmt"/>
      <line num="3" count="5" type="stmt"/>
      <line num="4" count="5" type="stmt"/>
      <line num="5" count="18" type="stmt"/>
      <line num="6" count="18" type="cond" truecount="2" falsecount="0"/>
      <line num="7" count="4" type="stmt"/>
      <line num="9" count="14" type="cond" truecount="2" falsecount="0"/>
      <line num="10" count="3" type="stmt"/>
      <line num="12" count="11" type="stmt"/>
      <line num="15" count="2" type="stmt"/>
      <line num="19" count="18" type="cond" truecount="6" falsecount="0"/>
      <line num="20" count="4" type="stmt"/>
      <line num="22" count="14" type="stmt"/>
    </file>
  </project>
</coverage>
