{"C:\\Users\\alexa\\Desktop\\codeAndcollection\\codeAndTestCollection\\firstBadVersionLC278\\firstBadVersionLC278.js": {"path":"C:\\Users\\alexa\\Desktop\\codeAndcollection\\codeAndTestCollection\\firstBadVersionLC278\\firstBadVersionLC278.js","statementMap":{"0":{"start":{"line":2,"column":16},"end":{"line":2,"column":17}},"1":{"start":{"line":3,"column":14},"end":{"line":3,"column":15}},"2":{"start":{"line":4,"column":4},"end":{"line":14,"column":5}},"3":{"start":{"line":5,"column":18},"end":{"line":5,"column":47}},"4":{"start":{"line":6,"column":8},"end":{"line":13,"column":9}},"5":{"start":{"line":7,"column":12},"end":{"line":7,"column":21}},"6":{"start":{"line":9,"column":12},"end":{"line":11,"column":13}},"7":{"start":{"line":10,"column":16},"end":{"line":10,"column":27}},"8":{"start":{"line":12,"column":12},"end":{"line":12,"column":23}},"9":{"start":{"line":15,"column":4},"end":{"line":15,"column":15}},"10":{"start":{"line":19,"column":4},"end":{"line":23,"column":5}},"11":{"start":{"line":20,"column":8},"end":{"line":20,"column":20}},"12":{"start":{"line":22,"column":8},"end":{"line":22,"column":21}}},"fnMap":{"0":{"name":"firstBadVersion","decl":{"start":{"line":1,"column":16},"end":{"line":1,"column":31}},"loc":{"start":{"line":1,"column":35},"end":{"line":16,"column":1}},"line":1},"1":{"name":"isBadVersion","decl":{"start":{"line":18,"column":16},"end":{"line":18,"column":28}},"loc":{"start":{"line":18,"column":36},"end":{"line":24,"column":1}},"line":18}},"branchMap":{"0":{"loc":{"start":{"line":6,"column":8},"end":{"line":13,"column":9}},"type":"if","locations":[{"start":{"line":6,"column":8},"end":{"line":13,"column":9}},{"start":{"line":8,"column":15},"end":{"line":13,"column":9}}],"line":6},"1":{"loc":{"start":{"line":9,"column":12},"end":{"line":11,"column":13}},"type":"if","locations":[{"start":{"line":9,"column":12},"end":{"line":11,"column":13}},{"start":{},"end":{}}],"line":9},"2":{"loc":{"start":{"line":19,"column":4},"end":{"line":23,"column":5}},"type":"if","locations":[{"start":{"line":19,"column":4},"end":{"line":23,"column":5}},{"start":{"line":21,"column":11},"end":{"line":23,"column":5}}],"line":19},"3":{"loc":{"start":{"line":19,"column":8},"end":{"line":19,"column":75}},"type":"binary-expr","locations":[{"start":{"line":19,"column":9},"end":{"line":19,"column":20}},{"start":{"line":19,"column":26},"end":{"line":19,"column":37}},{"start":{"line":19,"column":43},"end":{"line":19,"column":55}},{"start":{"line":19,"column":61},"end":{"line":19,"column":74}}],"line":19}},"s":{"0":5,"1":5,"2":5,"3":18,"4":18,"5":4,"6":14,"7":3,"8":11,"9":2,"10":18,"11":4,"12":14},"f":{"0":5,"1":18},"b":{"0":[4,14],"1":[3,11],"2":[4,14],"3":[18,17,16,15]},"_coverageSchema":"1a1c01bbd47fc00a2c39e90264f33305004495a9","hash":"cf07a020410e2fa9ef5f07aae8dc49e4c95bec7b"}
}
