<?xml version="1.0" encoding="UTF-8"?>
<coverage generated="1689693245586" clover="3.2.0">
  <project timestamp="1689693245586" name="All files">
    <metrics statements="11" coveredstatements="11" conditionals="4" coveredconditionals="4" methods="1" coveredmethods="1" elements="16" coveredelements="16" complexity="0" loc="11" ncloc="11" packages="1" files="1" classes="1"/>
    <file name="moveZeros.js" path="C:\Users\alexa\Desktop\codeAndcollection\codeAndTestCollection\moveZerosLC283\moveZeros.js">
      <metrics statements="11" coveredstatements="11" conditionals="4" coveredconditionals="4" methods="1" coveredmethods="1"/>
      <line num="3" count="7" type="stmt"/>
      <line num="5" count="7" type="cond" truecount="2" falsecount="0"/>
      <line num="6" count="1" type="stmt"/>
      <line num="9" count="6" type="stmt"/>
      <line num="11" count="6" type="stmt"/>
      <line num="12" count="50" type="cond" truecount="2" falsecount="0"/>
      <line num="13" count="32" type="stmt"/>
      <line num="14" count="32" type="stmt"/>
      <line num="15" count="32" type="stmt"/>
      <line num="16" count="32" type="stmt"/>
      <line num="19" count="6" type="stmt"/>
    </file>
  </project>
</coverage>
