{"C:\\Users\\alexa\\Desktop\\codeAndcollection\\codeAndTestCollection\\moveZerosLC283\\moveZeros.js": {"path":"C:\\Users\\alexa\\Desktop\\codeAndcollection\\codeAndTestCollection\\moveZerosLC283\\moveZeros.js","statementMap":{"0":{"start":{"line":3,"column":14},"end":{"line":3,"column":18}},"1":{"start":{"line":5,"column":4},"end":{"line":7,"column":5}},"2":{"start":{"line":6,"column":8},"end":{"line":6,"column":17}},"3":{"start":{"line":9,"column":14},"end":{"line":9,"column":15}},"4":{"start":{"line":11,"column":4},"end":{"line":18,"column":5}},"5":{"start":{"line":11,"column":17},"end":{"line":11,"column":18}},"6":{"start":{"line":12,"column":8},"end":{"line":17,"column":9}},"7":{"start":{"line":13,"column":23},"end":{"line":13,"column":29}},"8":{"start":{"line":14,"column":12},"end":{"line":14,"column":26}},"9":{"start":{"line":15,"column":12},"end":{"line":15,"column":24}},"10":{"start":{"line":16,"column":12},"end":{"line":16,"column":18}},"11":{"start":{"line":19,"column":4},"end":{"line":19,"column":13}}},"fnMap":{"0":{"name":"moveZeros","decl":{"start":{"line":1,"column":16},"end":{"line":1,"column":25}},"loc":{"start":{"line":1,"column":32},"end":{"line":20,"column":1}},"line":1}},"branchMap":{"0":{"loc":{"start":{"line":5,"column":4},"end":{"line":7,"column":5}},"type":"if","locations":[{"start":{"line":5,"column":4},"end":{"line":7,"column":5}},{"start":{},"end":{}}],"line":5},"1":{"loc":{"start":{"line":12,"column":8},"end":{"line":17,"column":9}},"type":"if","locations":[{"start":{"line":12,"column":8},"end":{"line":17,"column":9}},{"start":{},"end":{}}],"line":12}},"s":{"0":7,"1":7,"2":1,"3":6,"4":6,"5":6,"6":50,"7":32,"8":32,"9":32,"10":32,"11":6},"f":{"0":7},"b":{"0":[1,6],"1":[32,18]},"_coverageSchema":"1a1c01bbd47fc00a2c39e90264f33305004495a9","hash":"0fae6bcefd35c71fb66c0d9d2c312aad2c22eeb3"}
}
