{"C:\\Users\\alexa\\Desktop\\codeAndcollection\\codeAndTestCollection\\relativeRanksLC506\\relativeRanksLC506.js": {"path":"C:\\Users\\alexa\\Desktop\\codeAndcollection\\codeAndTestCollection\\relativeRanksLC506\\relativeRanksLC506.js","statementMap":{"0":{"start":{"line":3,"column":16},"end":{"line":3,"column":25}},"1":{"start":{"line":4,"column":19},"end":{"line":4,"column":21}},"2":{"start":{"line":6,"column":4},"end":{"line":8,"column":5}},"3":{"start":{"line":6,"column":17},"end":{"line":6,"column":18}},"4":{"start":{"line":7,"column":8},"end":{"line":7,"column":26}},"5":{"start":{"line":10,"column":16},"end":{"line":10,"column":54}},"6":{"start":{"line":10,"column":48},"end":{"line":10,"column":53}},"7":{"start":{"line":12,"column":4},"end":{"line":23,"column":5}},"8":{"start":{"line":12,"column":17},"end":{"line":12,"column":18}},"9":{"start":{"line":14,"column":8},"end":{"line":22,"column":9}},"10":{"start":{"line":15,"column":12},"end":{"line":15,"column":47}},"11":{"start":{"line":16,"column":15},"end":{"line":22,"column":9}},"12":{"start":{"line":17,"column":12},"end":{"line":17,"column":49}},"13":{"start":{"line":18,"column":15},"end":{"line":22,"column":9}},"14":{"start":{"line":19,"column":12},"end":{"line":19,"column":49}},"15":{"start":{"line":21,"column":12},"end":{"line":21,"column":47}},"16":{"start":{"line":24,"column":4},"end":{"line":24,"column":18}}},"fnMap":{"0":{"name":"findRelativeRanks","decl":{"start":{"line":1,"column":16},"end":{"line":1,"column":33}},"loc":{"start":{"line":1,"column":41},"end":{"line":25,"column":1}},"line":1},"1":{"name":"(anonymous_1)","decl":{"start":{"line":10,"column":38},"end":{"line":10,"column":39}},"loc":{"start":{"line":10,"column":48},"end":{"line":10,"column":53}},"line":10}},"branchMap":{"0":{"loc":{"start":{"line":14,"column":8},"end":{"line":22,"column":9}},"type":"if","locations":[{"start":{"line":14,"column":8},"end":{"line":22,"column":9}},{"start":{"line":16,"column":15},"end":{"line":22,"column":9}}],"line":14},"1":{"loc":{"start":{"line":16,"column":15},"end":{"line":22,"column":9}},"type":"if","locations":[{"start":{"line":16,"column":15},"end":{"line":22,"column":9}},{"start":{"line":18,"column":15},"end":{"line":22,"column":9}}],"line":16},"2":{"loc":{"start":{"line":18,"column":15},"end":{"line":22,"column":9}},"type":"if","locations":[{"start":{"line":18,"column":15},"end":{"line":22,"column":9}},{"start":{"line":20,"column":15},"end":{"line":22,"column":9}}],"line":18}},"s":{"0":6,"1":6,"2":6,"3":6,"4":43,"5":6,"6":37,"7":6,"8":6,"9":43,"10":6,"11":37,"12":6,"13":31,"14":6,"15":25,"16":6},"f":{"0":6,"1":37},"b":{"0":[6,37],"1":[6,31],"2":[6,25]},"_coverageSchema":"1a1c01bbd47fc00a2c39e90264f33305004495a9","hash":"93b78c5434d3d935482313abf7f758d4769dac4d"}
}
